{"/mnt/01DCB5F3E4E5D460/Aravind/void-tech-e-commerce/backend/cart-service/src/index.js": {"path":"/mnt/01DCB5F3E4E5D460/Aravind/void-tech-e-commerce/backend/cart-service/src/index.js","statementMap":{"0":{"start":{"line":1,"column":0},"end":{"line":1,"column":27}},"1":{"start":{"line":2,"column":16},"end":{"line":2,"column":34}},"2":{"start":{"line":3,"column":17},"end":{"line":3,"column":36}},"3":{"start":{"line":4,"column":13},"end":{"line":4,"column":28}},"4":{"start":{"line":5,"column":19},"end":{"line":5,"column":43}},"5":{"start":{"line":7,"column":12},"end":{"line":7,"column":21}},"6":{"start":{"line":8,"column":13},"end":{"line":8,"column":37}},"7":{"start":{"line":10,"column":0},"end":{"line":10,"column":16}},"8":{"start":{"line":11,"column":0},"end":{"line":11,"column":24}},"9":{"start":{"line":13,"column":0},"end":{"line":13,"column":33}},"10":{"start":{"line":15,"column":0},"end":{"line":26,"column":3}},"11":{"start":{"line":16,"column":2},"end":{"line":25,"column":5}},"12":{"start":{"line":28,"column":0},"end":{"line":36,"column":5}},"13":{"start":{"line":30,"column":4},"end":{"line":30,"column":54}},"14":{"start":{"line":31,"column":4},"end":{"line":31,"column":80}},"15":{"start":{"line":31,"column":27},"end":{"line":31,"column":78}},"16":{"start":{"line":34,"column":4},"end":{"line":34,"column":60}},"17":{"start":{"line":35,"column":4},"end":{"line":35,"column":20}}},"fnMap":{"0":{"name":"(anonymous_0)","decl":{"start":{"line":15,"column":19},"end":{"line":15,"column":20}},"loc":{"start":{"line":15,"column":33},"end":{"line":26,"column":1}},"line":15},"1":{"name":"(anonymous_1)","decl":{"start":{"line":29,"column":8},"end":{"line":29,"column":9}},"loc":{"start":{"line":29,"column":14},"end":{"line":32,"column":3}},"line":29},"2":{"name":"(anonymous_2)","decl":{"start":{"line":31,"column":21},"end":{"line":31,"column":22}},"loc":{"start":{"line":31,"column":27},"end":{"line":31,"column":78}},"line":31},"3":{"name":"(anonymous_3)","decl":{"start":{"line":33,"column":9},"end":{"line":33,"column":10}},"loc":{"start":{"line":33,"column":18},"end":{"line":36,"column":3}},"line":33}},"branchMap":{"0":{"loc":{"start":{"line":8,"column":13},"end":{"line":8,"column":37}},"type":"binary-expr","locations":[{"start":{"line":8,"column":13},"end":{"line":8,"column":29}},{"start":{"line":8,"column":33},"end":{"line":8,"column":37}}],"line":8},"1":{"loc":{"start":{"line":23,"column":13},"end":{"line":23,"column":80}},"type":"cond-expr","locations":[{"start":{"line":23,"column":52},"end":{"line":23,"column":63}},{"start":{"line":23,"column":66},"end":{"line":23,"column":80}}],"line":23}},"s":{"0":0,"1":0,"2":0,"3":0,"4":0,"5":0,"6":0,"7":0,"8":0,"9":0,"10":0,"11":0,"12":0,"13":0,"14":0,"15":0,"16":0,"17":0},"f":{"0":0,"1":0,"2":0,"3":0},"b":{"0":[0,0],"1":[0,0]}}
,"/mnt/01DCB5F3E4E5D460/Aravind/void-tech-e-commerce/backend/cart-service/src/controllers/cartController.js": {"path":"/mnt/01DCB5F3E4E5D460/Aravind/void-tech-e-commerce/backend/cart-service/src/controllers/cartController.js","statementMap":{"0":{"start":{"line":1,"column":13},"end":{"line":1,"column":38}},"1":{"start":{"line":2,"column":14},"end":{"line":2,"column":30}},"2":{"start":{"line":4,"column":28},"end":{"line":4,"column":86}},"3":{"start":{"line":7,"column":2},"end":{"line":7,"column":42}},"4":{"start":{"line":7,"column":21},"end":{"line":7,"column":42}},"5":{"start":{"line":8,"column":14},"end":{"line":8,"column":98}},"6":{"start":{"line":9,"column":2},"end":{"line":9,"column":13}},"7":{"start":{"line":12,"column":0},"end":{"line":25,"column":2}},"8":{"start":{"line":13,"column":2},"end":{"line":24,"column":3}},"9":{"start":{"line":14,"column":15},"end":{"line":14,"column":58}},"10":{"start":{"line":15,"column":4},"end":{"line":17,"column":5}},"11":{"start":{"line":16,"column":6},"end":{"line":16,"column":78}},"12":{"start":{"line":18,"column":18},"end":{"line":18,"column":35}},"13":{"start":{"line":19,"column":4},"end":{"line":19,"column":34}},"14":{"start":{"line":20,"column":18},"end":{"line":20,"column":104}},"15":{"start":{"line":20,"column":52},"end":{"line":20,"column":100}},"16":{"start":{"line":21,"column":4},"end":{"line":21,"column":44}},"17":{"start":{"line":23,"column":4},"end":{"line":23,"column":49}},"18":{"start":{"line":27,"column":0},"end":{"line":54,"column":2}},"19":{"start":{"line":28,"column":2},"end":{"line":53,"column":3}},"20":{"start":{"line":29,"column":57},"end":{"line":29,"column":65}},"21":{"start":{"line":30,"column":4},"end":{"line":30,"column":84}},"22":{"start":{"line":30,"column":20},"end":{"line":30,"column":84}},"23":{"start":{"line":32,"column":15},"end":{"line":32,"column":58}},"24":{"start":{"line":33,"column":4},"end":{"line":35,"column":5}},"25":{"start":{"line":34,"column":6},"end":{"line":34,"column":58}},"26":{"start":{"line":37,"column":21},"end":{"line":39,"column":5}},"27":{"start":{"line":38,"column":13},"end":{"line":38,"column":105}},"28":{"start":{"line":40,"column":4},"end":{"line":44,"column":5}},"29":{"start":{"line":41,"column":6},"end":{"line":41,"column":36}},"30":{"start":{"line":43,"column":6},"end":{"line":43,"column":64}},"31":{"start":{"line":46,"column":4},"end":{"line":46,"column":22}},"32":{"start":{"line":47,"column":18},"end":{"line":47,"column":35}},"33":{"start":{"line":48,"column":4},"end":{"line":48,"column":34}},"34":{"start":{"line":49,"column":18},"end":{"line":49,"column":104}},"35":{"start":{"line":49,"column":52},"end":{"line":49,"column":100}},"36":{"start":{"line":50,"column":4},"end":{"line":50,"column":44}},"37":{"start":{"line":52,"column":4},"end":{"line":52,"column":49}},"38":{"start":{"line":56,"column":0},"end":{"line":71,"column":2}},"39":{"start":{"line":57,"column":2},"end":{"line":70,"column":3}},"40":{"start":{"line":58,"column":26},"end":{"line":58,"column":36}},"41":{"start":{"line":59,"column":17},"end":{"line":59,"column":60}},"42":{"start":{"line":60,"column":4},"end":{"line":60,"column":72}},"43":{"start":{"line":60,"column":15},"end":{"line":60,"column":72}},"44":{"start":{"line":62,"column":4},"end":{"line":62,"column":114}},"45":{"start":{"line":62,"column":42},"end":{"line":62,"column":112}},"46":{"start":{"line":63,"column":4},"end":{"line":63,"column":22}},"47":{"start":{"line":64,"column":18},"end":{"line":64,"column":35}},"48":{"start":{"line":65,"column":4},"end":{"line":65,"column":34}},"49":{"start":{"line":66,"column":18},"end":{"line":66,"column":104}},"50":{"start":{"line":66,"column":52},"end":{"line":66,"column":100}},"51":{"start":{"line":67,"column":4},"end":{"line":67,"column":44}},"52":{"start":{"line":69,"column":4},"end":{"line":69,"column":49}},"53":{"start":{"line":73,"column":0},"end":{"line":100,"column":2}},"54":{"start":{"line":74,"column":2},"end":{"line":99,"column":3}},"55":{"start":{"line":75,"column":26},"end":{"line":75,"column":36}},"56":{"start":{"line":76,"column":25},"end":{"line":76,"column":33}},"57":{"start":{"line":77,"column":4},"end":{"line":79,"column":5}},"58":{"start":{"line":78,"column":6},"end":{"line":78,"column":86}},"59":{"start":{"line":80,"column":4},"end":{"line":82,"column":5}},"60":{"start":{"line":81,"column":6},"end":{"line":81,"column":42}},"61":{"start":{"line":83,"column":17},"end":{"line":83,"column":60}},"62":{"start":{"line":84,"column":4},"end":{"line":84,"column":72}},"63":{"start":{"line":84,"column":15},"end":{"line":84,"column":72}},"64":{"start":{"line":86,"column":17},"end":{"line":88,"column":5}},"65":{"start":{"line":87,"column":13},"end":{"line":87,"column":83}},"66":{"start":{"line":89,"column":4},"end":{"line":89,"column":80}},"67":{"start":{"line":89,"column":15},"end":{"line":89,"column":80}},"68":{"start":{"line":91,"column":4},"end":{"line":91,"column":29}},"69":{"start":{"line":92,"column":4},"end":{"line":92,"column":22}},"70":{"start":{"line":93,"column":18},"end":{"line":93,"column":35}},"71":{"start":{"line":94,"column":4},"end":{"line":94,"column":34}},"72":{"start":{"line":95,"column":18},"end":{"line":95,"column":104}},"73":{"start":{"line":95,"column":52},"end":{"line":95,"column":100}},"74":{"start":{"line":96,"column":4},"end":{"line":96,"column":44}},"75":{"start":{"line":98,"column":4},"end":{"line":98,"column":49}},"76":{"start":{"line":102,"column":0},"end":{"line":109,"column":2}},"77":{"start":{"line":103,"column":2},"end":{"line":108,"column":3}},"78":{"start":{"line":104,"column":4},"end":{"line":104,"column":72}},"79":{"start":{"line":105,"column":4},"end":{"line":105,"column":69}},"80":{"start":{"line":107,"column":4},"end":{"line":107,"column":49}},"81":{"start":{"line":112,"column":2},"end":{"line":112,"column":58}},"82":{"start":{"line":112,"column":51},"end":{"line":112,"column":58}},"83":{"start":{"line":113,"column":14},"end":{"line":113,"column":78}},"84":{"start":{"line":113,"column":53},"end":{"line":113,"column":75}},"85":{"start":{"line":114,"column":19},"end":{"line":114,"column":21}},"86":{"start":{"line":115,"column":2},"end":{"line":124,"column":3}},"87":{"start":{"line":116,"column":21},"end":{"line":119,"column":6}},"88":{"start":{"line":120,"column":21},"end":{"line":120,"column":40}},"89":{"start":{"line":121,"column":4},"end":{"line":121,"column":52}},"90":{"start":{"line":121,"column":30},"end":{"line":121,"column":52}},"91":{"start":{"line":123,"column":4},"end":{"line":123,"column":20}},"92":{"start":{"line":125,"column":2},"end":{"line":127,"column":3}},"93":{"start":{"line":126,"column":4},"end":{"line":126,"column":65}}},"fnMap":{"0":{"name":"toPlainCart","decl":{"start":{"line":6,"column":9},"end":{"line":6,"column":20}},"loc":{"start":{"line":6,"column":35},"end":{"line":10,"column":1}},"line":6},"1":{"name":"(anonymous_1)","decl":{"start":{"line":12,"column":18},"end":{"line":12,"column":19}},"loc":{"start":{"line":12,"column":38},"end":{"line":25,"column":1}},"line":12},"2":{"name":"(anonymous_2)","decl":{"start":{"line":20,"column":37},"end":{"line":20,"column":38}},"loc":{"start":{"line":20,"column":52},"end":{"line":20,"column":100}},"line":20},"3":{"name":"(anonymous_3)","decl":{"start":{"line":27,"column":18},"end":{"line":27,"column":19}},"loc":{"start":{"line":27,"column":38},"end":{"line":54,"column":1}},"line":27},"4":{"name":"(anonymous_4)","decl":{"start":{"line":38,"column":6},"end":{"line":38,"column":7}},"loc":{"start":{"line":38,"column":13},"end":{"line":38,"column":105}},"line":38},"5":{"name":"(anonymous_5)","decl":{"start":{"line":49,"column":37},"end":{"line":49,"column":38}},"loc":{"start":{"line":49,"column":52},"end":{"line":49,"column":100}},"line":49},"6":{"name":"(anonymous_6)","decl":{"start":{"line":56,"column":21},"end":{"line":56,"column":22}},"loc":{"start":{"line":56,"column":41},"end":{"line":71,"column":1}},"line":56},"7":{"name":"(anonymous_7)","decl":{"start":{"line":62,"column":35},"end":{"line":62,"column":36}},"loc":{"start":{"line":62,"column":42},"end":{"line":62,"column":112}},"line":62},"8":{"name":"(anonymous_8)","decl":{"start":{"line":66,"column":37},"end":{"line":66,"column":38}},"loc":{"start":{"line":66,"column":52},"end":{"line":66,"column":100}},"line":66},"9":{"name":"(anonymous_9)","decl":{"start":{"line":73,"column":29},"end":{"line":73,"column":30}},"loc":{"start":{"line":73,"column":49},"end":{"line":100,"column":1}},"line":73},"10":{"name":"(anonymous_10)","decl":{"start":{"line":87,"column":6},"end":{"line":87,"column":7}},"loc":{"start":{"line":87,"column":13},"end":{"line":87,"column":83}},"line":87},"11":{"name":"(anonymous_11)","decl":{"start":{"line":95,"column":37},"end":{"line":95,"column":38}},"loc":{"start":{"line":95,"column":52},"end":{"line":95,"column":100}},"line":95},"12":{"name":"(anonymous_12)","decl":{"start":{"line":102,"column":20},"end":{"line":102,"column":21}},"loc":{"start":{"line":102,"column":40},"end":{"line":109,"column":1}},"line":102},"13":{"name":"populateProducts","decl":{"start":{"line":111,"column":15},"end":{"line":111,"column":31}},"loc":{"start":{"line":111,"column":43},"end":{"line":128,"column":1}},"line":111},"14":{"name":"(anonymous_14)","decl":{"start":{"line":113,"column":46},"end":{"line":113,"column":47}},"loc":{"start":{"line":113,"column":53},"end":{"line":113,"column":75}},"line":113}},"branchMap":{"0":{"loc":{"start":{"line":4,"column":28},"end":{"line":4,"column":86}},"type":"binary-expr","locations":[{"start":{"line":4,"column":28},"end":{"line":4,"column":59}},{"start":{"line":4,"column":63},"end":{"line":4,"column":86}}],"line":4},"1":{"loc":{"start":{"line":7,"column":2},"end":{"line":7,"column":42}},"type":"if","locations":[{"start":{"line":7,"column":2},"end":{"line":7,"column":42}},{"start":{},"end":{}}],"line":7},"2":{"loc":{"start":{"line":8,"column":14},"end":{"line":8,"column":98}},"type":"cond-expr","locations":[{"start":{"line":8,"column":60},"end":{"line":8,"column":83}},{"start":{"line":8,"column":86},"end":{"line":8,"column":98}}],"line":8},"3":{"loc":{"start":{"line":15,"column":4},"end":{"line":17,"column":5}},"type":"if","locations":[{"start":{"line":15,"column":4},"end":{"line":17,"column":5}},{"start":{},"end":{}}],"line":15},"4":{"loc":{"start":{"line":20,"column":59},"end":{"line":20,"column":83}},"type":"binary-expr","locations":[{"start":{"line":20,"column":59},"end":{"line":20,"column":78}},{"start":{"line":20,"column":82},"end":{"line":20,"column":83}}],"line":20},"5":{"loc":{"start":{"line":29,"column":23},"end":{"line":29,"column":35}},"type":"default-arg","locations":[{"start":{"line":29,"column":34},"end":{"line":29,"column":35}}],"line":29},"6":{"loc":{"start":{"line":30,"column":4},"end":{"line":30,"column":84}},"type":"if","locations":[{"start":{"line":30,"column":4},"end":{"line":30,"column":84}},{"start":{},"end":{}}],"line":30},"7":{"loc":{"start":{"line":33,"column":4},"end":{"line":35,"column":5}},"type":"if","locations":[{"start":{"line":33,"column":4},"end":{"line":35,"column":5}},{"start":{},"end":{}}],"line":33},"8":{"loc":{"start":{"line":38,"column":13},"end":{"line":38,"column":105}},"type":"binary-expr","locations":[{"start":{"line":38,"column":13},"end":{"line":38,"column":49}},{"start":{"line":38,"column":53},"end":{"line":38,"column":105}}],"line":38},"9":{"loc":{"start":{"line":38,"column":76},"end":{"line":38,"column":104}},"type":"binary-expr","locations":[{"start":{"line":38,"column":76},"end":{"line":38,"column":91}},{"start":{"line":38,"column":95},"end":{"line":38,"column":104}}],"line":38},"10":{"loc":{"start":{"line":40,"column":4},"end":{"line":44,"column":5}},"type":"if","locations":[{"start":{"line":40,"column":4},"end":{"line":44,"column":5}},{"start":{"line":42,"column":11},"end":{"line":44,"column":5}}],"line":40},"11":{"loc":{"start":{"line":49,"column":59},"end":{"line":49,"column":83}},"type":"binary-expr","locations":[{"start":{"line":49,"column":59},"end":{"line":49,"column":78}},{"start":{"line":49,"column":82},"end":{"line":49,"column":83}}],"line":49},"12":{"loc":{"start":{"line":60,"column":4},"end":{"line":60,"column":72}},"type":"if","locations":[{"start":{"line":60,"column":4},"end":{"line":60,"column":72}},{"start":{},"end":{}}],"line":60},"13":{"loc":{"start":{"line":62,"column":42},"end":{"line":62,"column":112}},"type":"binary-expr","locations":[{"start":{"line":62,"column":42},"end":{"line":62,"column":72}},{"start":{"line":62,"column":76},"end":{"line":62,"column":112}}],"line":62},"14":{"loc":{"start":{"line":66,"column":59},"end":{"line":66,"column":83}},"type":"binary-expr","locations":[{"start":{"line":66,"column":59},"end":{"line":66,"column":78}},{"start":{"line":66,"column":82},"end":{"line":66,"column":83}}],"line":66},"15":{"loc":{"start":{"line":77,"column":4},"end":{"line":79,"column":5}},"type":"if","locations":[{"start":{"line":77,"column":4},"end":{"line":79,"column":5}},{"start":{},"end":{}}],"line":77},"16":{"loc":{"start":{"line":77,"column":8},"end":{"line":77,"column":46}},"type":"binary-expr","locations":[{"start":{"line":77,"column":8},"end":{"line":77,"column":30}},{"start":{"line":77,"column":34},"end":{"line":77,"column":46}}],"line":77},"17":{"loc":{"start":{"line":80,"column":4},"end":{"line":82,"column":5}},"type":"if","locations":[{"start":{"line":80,"column":4},"end":{"line":82,"column":5}},{"start":{},"end":{}}],"line":80},"18":{"loc":{"start":{"line":84,"column":4},"end":{"line":84,"column":72}},"type":"if","locations":[{"start":{"line":84,"column":4},"end":{"line":84,"column":72}},{"start":{},"end":{}}],"line":84},"19":{"loc":{"start":{"line":87,"column":13},"end":{"line":87,"column":83}},"type":"binary-expr","locations":[{"start":{"line":87,"column":13},"end":{"line":87,"column":49}},{"start":{"line":87,"column":53},"end":{"line":87,"column":83}}],"line":87},"20":{"loc":{"start":{"line":89,"column":4},"end":{"line":89,"column":80}},"type":"if","locations":[{"start":{"line":89,"column":4},"end":{"line":89,"column":80}},{"start":{},"end":{}}],"line":89},"21":{"loc":{"start":{"line":95,"column":59},"end":{"line":95,"column":83}},"type":"binary-expr","locations":[{"start":{"line":95,"column":59},"end":{"line":95,"column":78}},{"start":{"line":95,"column":82},"end":{"line":95,"column":83}}],"line":95},"22":{"loc":{"start":{"line":112,"column":2},"end":{"line":112,"column":58}},"type":"if","locations":[{"start":{"line":112,"column":2},"end":{"line":112,"column":58}},{"start":{},"end":{}}],"line":112},"23":{"loc":{"start":{"line":112,"column":6},"end":{"line":112,"column":49}},"type":"binary-expr","locations":[{"start":{"line":112,"column":6},"end":{"line":112,"column":22}},{"start":{"line":112,"column":26},"end":{"line":112,"column":49}}],"line":112},"24":{"loc":{"start":{"line":120,"column":21},"end":{"line":120,"column":40}},"type":"binary-expr","locations":[{"start":{"line":120,"column":21},"end":{"line":120,"column":34}},{"start":{"line":120,"column":38},"end":{"line":120,"column":40}}],"line":120},"25":{"loc":{"start":{"line":126,"column":19},"end":{"line":126,"column":64}},"type":"binary-expr","locations":[{"start":{"line":126,"column":19},"end":{"line":126,"column":56}},{"start":{"line":126,"column":60},"end":{"line":126,"column":64}}],"line":126}},"s":{"0":1,"1":1,"2":1,"3":8,"4":0,"5":8,"6":8,"7":1,"8":3,"9":3,"10":3,"11":1,"12":2,"13":2,"14":2,"15":2,"16":2,"17":0,"18":1,"19":4,"20":4,"21":4,"22":1,"23":3,"24":3,"25":1,"26":3,"27":2,"28":3,"29":1,"30":2,"31":3,"32":3,"33":3,"34":3,"35":4,"36":3,"37":0,"38":1,"39":3,"40":3,"41":3,"42":3,"43":1,"44":2,"45":3,"46":2,"47":2,"48":2,"49":2,"50":1,"51":2,"52":0,"53":1,"54":5,"55":5,"56":5,"57":5,"58":1,"59":4,"60":1,"61":3,"62":3,"63":1,"64":2,"65":1,"66":2,"67":1,"68":1,"69":1,"70":1,"71":1,"72":1,"73":1,"74":1,"75":0,"76":1,"77":1,"78":1,"79":1,"80":0,"81":8,"82":1,"83":7,"84":8,"85":7,"86":7,"87":7,"88":6,"89":6,"90":2,"91":1,"92":7,"93":8},"f":{"0":8,"1":3,"2":2,"3":4,"4":2,"5":4,"6":3,"7":3,"8":1,"9":5,"10":1,"11":1,"12":1,"13":8,"14":8},"b":{"0":[1,1],"1":[0,8],"2":[8,0],"3":[1,2],"4":[2,1],"5":[0],"6":[1,3],"7":[1,2],"8":[2,2],"9":[2,0],"10":[1,2],"11":[4,3],"12":[1,2],"13":[3,3],"14":[1,1],"15":[1,4],"16":[5,5],"17":[1,3],"18":[1,2],"19":[1,0],"20":[1,1],"21":[1,1],"22":[1,7],"23":[8,8],"24":[6,0],"25":[8,6]},"_coverageSchema":"1a1c01bbd47fc00a2c39e90264f33305004495a9","hash":"34ab484889b77a7f2b97274a604b4636a7be8e69"}
,"/mnt/01DCB5F3E4E5D460/Aravind/void-tech-e-commerce/backend/cart-service/src/models/Cart.js": {"path":"/mnt/01DCB5F3E4E5D460/Aravind/void-tech-e-commerce/backend/cart-service/src/models/Cart.js","statementMap":{"0":{"start":{"line":1,"column":17},"end":{"line":1,"column":36}},"1":{"start":{"line":3,"column":23},"end":{"line":7,"column":17}},"2":{"start":{"line":9,"column":19},"end":{"line":12,"column":24}},"3":{"start":{"line":14,"column":0},"end":{"line":14,"column":52}}},"fnMap":{},"branchMap":{},"s":{"0":1,"1":1,"2":1,"3":1},"f":{},"b":{},"_coverageSchema":"1a1c01bbd47fc00a2c39e90264f33305004495a9","hash":"01b31b53496c610f11b187187d5eec219734c65a"}
,"/mnt/01DCB5F3E4E5D460/Aravind/void-tech-e-commerce/backend/cart-service/src/routes/cart.js": {"path":"/mnt/01DCB5F3E4E5D460/Aravind/void-tech-e-commerce/backend/cart-service/src/routes/cart.js","statementMap":{"0":{"start":{"line":1,"column":19},"end":{"line":1,"column":37}},"1":{"start":{"line":2,"column":25},"end":{"line":2,"column":67}},"2":{"start":{"line":3,"column":72},"end":{"line":3,"column":112}},"3":{"start":{"line":5,"column":15},"end":{"line":5,"column":23}},"4":{"start":{"line":7,"column":0},"end":{"line":7,"column":39}},"5":{"start":{"line":8,"column":0},"end":{"line":8,"column":45}},"6":{"start":{"line":9,"column":0},"end":{"line":9,"column":68}},"7":{"start":{"line":10,"column":0},"end":{"line":10,"column":61}},"8":{"start":{"line":11,"column":0},"end":{"line":11,"column":44}},"9":{"start":{"line":13,"column":0},"end":{"line":13,"column":24}}},"fnMap":{},"branchMap":{},"s":{"0":0,"1":0,"2":0,"3":0,"4":0,"5":0,"6":0,"7":0,"8":0,"9":0},"f":{},"b":{}}
,"/mnt/01DCB5F3E4E5D460/Aravind/void-tech-e-commerce/backend/gateway/src/index.js": {"path":"/mnt/01DCB5F3E4E5D460/Aravind/void-tech-e-commerce/backend/gateway/src/index.js","statementMap":{"0":{"start":{"line":1,"column":0},"end":{"line":1,"column":27}},"1":{"start":{"line":2,"column":16},"end":{"line":2,"column":34}},"2":{"start":{"line":3,"column":13},"end":{"line":3,"column":28}},"3":{"start":{"line":4,"column":14},"end":{"line":4,"column":43}},"4":{"start":{"line":5,"column":12},"end":{"line":5,"column":35}},"5":{"start":{"line":7,"column":12},"end":{"line":7,"column":21}},"6":{"start":{"line":8,"column":13},"end":{"line":8,"column":37}},"7":{"start":{"line":10,"column":21},"end":{"line":10,"column":76}},"8":{"start":{"line":11,"column":24},"end":{"line":11,"column":82}},"9":{"start":{"line":12,"column":21},"end":{"line":12,"column":76}},"10":{"start":{"line":13,"column":22},"end":{"line":13,"column":78}},"11":{"start":{"line":14,"column":24},"end":{"line":14,"column":82}},"12":{"start":{"line":16,"column":0},"end":{"line":16,"column":16}},"13":{"start":{"line":18,"column":21},"end":{"line":30,"column":1}},"14":{"start":{"line":19,"column":17},"end":{"line":19,"column":42}},"15":{"start":{"line":20,"column":2},"end":{"line":22,"column":3}},"16":{"start":{"line":21,"column":4},"end":{"line":21,"column":64}},"17":{"start":{"line":23,"column":2},"end":{"line":29,"column":3}},"18":{"start":{"line":24,"column":18},"end":{"line":24,"column":38}},"19":{"start":{"line":25,"column":4},"end":{"line":25,"column":57}},"20":{"start":{"line":26,"column":4},"end":{"line":26,"column":11}},"21":{"start":{"line":28,"column":4},"end":{"line":28,"column":60}},"22":{"start":{"line":32,"column":0},"end":{"line":32,"column":102}},"23":{"start":{"line":32,"column":75},"end":{"line":32,"column":97}},"24":{"start":{"line":33,"column":0},"end":{"line":33,"column":111}},"25":{"start":{"line":33,"column":81},"end":{"line":33,"column":106}},"26":{"start":{"line":35,"column":0},"end":{"line":35,"column":114}},"27":{"start":{"line":35,"column":88},"end":{"line":35,"column":109}},"28":{"start":{"line":36,"column":0},"end":{"line":36,"column":125}},"29":{"start":{"line":36,"column":95},"end":{"line":36,"column":120}},"30":{"start":{"line":37,"column":0},"end":{"line":37,"column":119}},"31":{"start":{"line":37,"column":91},"end":{"line":37,"column":114}},"32":{"start":{"line":39,"column":0},"end":{"line":39,"column":131}},"33":{"start":{"line":39,"column":96},"end":{"line":39,"column":126}},"34":{"start":{"line":41,"column":0},"end":{"line":58,"column":3}},"35":{"start":{"line":42,"column":2},"end":{"line":57,"column":5}},"36":{"start":{"line":60,"column":0},"end":{"line":62,"column":1}},"37":{"start":{"line":61,"column":2},"end":{"line":61,"column":77}},"38":{"start":{"line":61,"column":25},"end":{"line":61,"column":75}},"39":{"start":{"line":64,"column":0},"end":{"line":64,"column":21}}},"fnMap":{"0":{"name":"(anonymous_0)","decl":{"start":{"line":18,"column":21},"end":{"line":18,"column":22}},"loc":{"start":{"line":18,"column":41},"end":{"line":30,"column":1}},"line":18},"1":{"name":"(anonymous_1)","decl":{"start":{"line":32,"column":66},"end":{"line":32,"column":67}},"loc":{"start":{"line":32,"column":75},"end":{"line":32,"column":97}},"line":32},"2":{"name":"(anonymous_2)","decl":{"start":{"line":33,"column":72},"end":{"line":33,"column":73}},"loc":{"start":{"line":33,"column":81},"end":{"line":33,"column":106}},"line":33},"3":{"name":"(anonymous_3)","decl":{"start":{"line":35,"column":79},"end":{"line":35,"column":80}},"loc":{"start":{"line":35,"column":88},"end":{"line":35,"column":109}},"line":35},"4":{"name":"(anonymous_4)","decl":{"start":{"line":36,"column":86},"end":{"line":36,"column":87}},"loc":{"start":{"line":36,"column":95},"end":{"line":36,"column":120}},"line":36},"5":{"name":"(anonymous_5)","decl":{"start":{"line":37,"column":82},"end":{"line":37,"column":83}},"loc":{"start":{"line":37,"column":91},"end":{"line":37,"column":114}},"line":37},"6":{"name":"(anonymous_6)","decl":{"start":{"line":39,"column":87},"end":{"line":39,"column":88}},"loc":{"start":{"line":39,"column":96},"end":{"line":39,"column":126}},"line":39},"7":{"name":"(anonymous_7)","decl":{"start":{"line":41,"column":19},"end":{"line":41,"column":20}},"loc":{"start":{"line":41,"column":33},"end":{"line":58,"column":1}},"line":41},"8":{"name":"(anonymous_8)","decl":{"start":{"line":61,"column":19},"end":{"line":61,"column":20}},"loc":{"start":{"line":61,"column":25},"end":{"line":61,"column":75}},"line":61}},"branchMap":{"0":{"loc":{"start":{"line":8,"column":13},"end":{"line":8,"column":37}},"type":"binary-expr","locations":[{"start":{"line":8,"column":13},"end":{"line":8,"column":29}},{"start":{"line":8,"column":33},"end":{"line":8,"column":37}}],"line":8},"1":{"loc":{"start":{"line":10,"column":21},"end":{"line":10,"column":76}},"type":"binary-expr","locations":[{"start":{"line":10,"column":21},"end":{"line":10,"column":49}},{"start":{"line":10,"column":53},"end":{"line":10,"column":76}}],"line":10},"2":{"loc":{"start":{"line":11,"column":24},"end":{"line":11,"column":82}},"type":"binary-expr","locations":[{"start":{"line":11,"column":24},"end":{"line":11,"column":55}},{"start":{"line":11,"column":59},"end":{"line":11,"column":82}}],"line":11},"3":{"loc":{"start":{"line":12,"column":21},"end":{"line":12,"column":76}},"type":"binary-expr","locations":[{"start":{"line":12,"column":21},"end":{"line":12,"column":49}},{"start":{"line":12,"column":53},"end":{"line":12,"column":76}}],"line":12},"4":{"loc":{"start":{"line":13,"column":22},"end":{"line":13,"column":78}},"type":"binary-expr","locations":[{"start":{"line":13,"column":22},"end":{"line":13,"column":51}},{"start":{"line":13,"column":55},"end":{"line":13,"column":78}}],"line":13},"5":{"loc":{"start":{"line":14,"column":24},"end":{"line":14,"column":82}},"type":"binary-expr","locations":[{"start":{"line":14,"column":24},"end":{"line":14,"column":55}},{"start":{"line":14,"column":59},"end":{"line":14,"column":82}}],"line":14},"6":{"loc":{"start":{"line":20,"column":2},"end":{"line":22,"column":3}},"type":"if","locations":[{"start":{"line":20,"column":2},"end":{"line":22,"column":3}},{"start":{},"end":{}}],"line":20},"7":{"loc":{"start":{"line":20,"column":6},"end":{"line":20,"column":46}},"type":"binary-expr","locations":[{"start":{"line":20,"column":6},"end":{"line":20,"column":13}},{"start":{"line":20,"column":17},"end":{"line":20,"column":46}}],"line":20},"8":{"loc":{"start":{"line":60,"column":0},"end":{"line":62,"column":1}},"type":"if","locations":[{"start":{"line":60,"column":0},"end":{"line":62,"column":1}},{"start":{},"end":{}}],"line":60}},"s":{"0":9,"1":9,"2":9,"3":9,"4":9,"5":9,"6":9,"7":9,"8":9,"9":9,"10":9,"11":9,"12":9,"13":9,"14":5,"15":5,"16":1,"17":4,"18":4,"19":4,"20":3,"21":1,"22":9,"23":2,"24":9,"25":1,"26":9,"27":1,"28":9,"29":1,"30":9,"31":1,"32":9,"33":0,"34":9,"35":1,"36":9,"37":0,"38":0,"39":9},"f":{"0":5,"1":2,"2":1,"3":1,"4":1,"5":1,"6":0,"7":1,"8":0},"b":{"0":[9,9],"1":[9,9],"2":[9,9],"3":[9,9],"4":[9,9],"5":[9,9],"6":[1,4],"7":[5,4],"8":[0,9]},"_coverageSchema":"1a1c01bbd47fc00a2c39e90264f33305004495a9","hash":"53ad1e3579644f03ec556985a459f5bd9a6a4f83"}
,"/mnt/01DCB5F3E4E5D460/Aravind/void-tech-e-commerce/backend/order-service/src/index.js": {"path":"/mnt/01DCB5F3E4E5D460/Aravind/void-tech-e-commerce/backend/order-service/src/index.js","statementMap":{"0":{"start":{"line":1,"column":0},"end":{"line":1,"column":27}},"1":{"start":{"line":2,"column":16},"end":{"line":2,"column":34}},"2":{"start":{"line":3,"column":17},"end":{"line":3,"column":36}},"3":{"start":{"line":4,"column":13},"end":{"line":4,"column":28}},"4":{"start":{"line":5,"column":20},"end":{"line":5,"column":46}},"5":{"start":{"line":7,"column":12},"end":{"line":7,"column":21}},"6":{"start":{"line":8,"column":13},"end":{"line":8,"column":37}},"7":{"start":{"line":10,"column":0},"end":{"line":10,"column":16}},"8":{"start":{"line":11,"column":0},"end":{"line":11,"column":24}},"9":{"start":{"line":13,"column":0},"end":{"line":13,"column":36}},"10":{"start":{"line":15,"column":0},"end":{"line":26,"column":3}},"11":{"start":{"line":16,"column":2},"end":{"line":25,"column":5}},"12":{"start":{"line":28,"column":0},"end":{"line":36,"column":5}},"13":{"start":{"line":30,"column":4},"end":{"line":30,"column":55}},"14":{"start":{"line":31,"column":4},"end":{"line":31,"column":81}},"15":{"start":{"line":31,"column":27},"end":{"line":31,"column":79}},"16":{"start":{"line":34,"column":4},"end":{"line":34,"column":61}},"17":{"start":{"line":35,"column":4},"end":{"line":35,"column":20}}},"fnMap":{"0":{"name":"(anonymous_0)","decl":{"start":{"line":15,"column":19},"end":{"line":15,"column":20}},"loc":{"start":{"line":15,"column":33},"end":{"line":26,"column":1}},"line":15},"1":{"name":"(anonymous_1)","decl":{"start":{"line":29,"column":8},"end":{"line":29,"column":9}},"loc":{"start":{"line":29,"column":14},"end":{"line":32,"column":3}},"line":29},"2":{"name":"(anonymous_2)","decl":{"start":{"line":31,"column":21},"end":{"line":31,"column":22}},"loc":{"start":{"line":31,"column":27},"end":{"line":31,"column":79}},"line":31},"3":{"name":"(anonymous_3)","decl":{"start":{"line":33,"column":9},"end":{"line":33,"column":10}},"loc":{"start":{"line":33,"column":18},"end":{"line":36,"column":3}},"line":33}},"branchMap":{"0":{"loc":{"start":{"line":8,"column":13},"end":{"line":8,"column":37}},"type":"binary-expr","locations":[{"start":{"line":8,"column":13},"end":{"line":8,"column":29}},{"start":{"line":8,"column":33},"end":{"line":8,"column":37}}],"line":8},"1":{"loc":{"start":{"line":23,"column":13},"end":{"line":23,"column":80}},"type":"cond-expr","locations":[{"start":{"line":23,"column":52},"end":{"line":23,"column":63}},{"start":{"line":23,"column":66},"end":{"line":23,"column":80}}],"line":23}},"s":{"0":0,"1":0,"2":0,"3":0,"4":0,"5":0,"6":0,"7":0,"8":0,"9":0,"10":0,"11":0,"12":0,"13":0,"14":0,"15":0,"16":0,"17":0},"f":{"0":0,"1":0,"2":0,"3":0},"b":{"0":[0,0],"1":[0,0]}}
,"/mnt/01DCB5F3E4E5D460/Aravind/void-tech-e-commerce/backend/order-service/src/controllers/orderController.js": {"path":"/mnt/01DCB5F3E4E5D460/Aravind/void-tech-e-commerce/backend/order-service/src/controllers/orderController.js","statementMap":{"0":{"start":{"line":1,"column":14},"end":{"line":1,"column":40}},"1":{"start":{"line":2,"column":14},"end":{"line":2,"column":30}},"2":{"start":{"line":4,"column":28},"end":{"line":4,"column":86}},"3":{"start":{"line":5,"column":28},"end":{"line":5,"column":86}},"4":{"start":{"line":6,"column":25},"end":{"line":6,"column":80}},"5":{"start":{"line":8,"column":0},"end":{"line":97,"column":2}},"6":{"start":{"line":9,"column":2},"end":{"line":96,"column":3}},"7":{"start":{"line":10,"column":32},"end":{"line":10,"column":40}},"8":{"start":{"line":12,"column":31},"end":{"line":15,"column":6}},"9":{"start":{"line":17,"column":21},"end":{"line":17,"column":29}},"10":{"start":{"line":18,"column":4},"end":{"line":20,"column":5}},"11":{"start":{"line":19,"column":6},"end":{"line":19,"column":62}},"12":{"start":{"line":25,"column":4},"end":{"line":31,"column":5}},"13":{"start":{"line":26,"column":6},"end":{"line":30,"column":7}},"14":{"start":{"line":27,"column":8},"end":{"line":29,"column":11}},"15":{"start":{"line":33,"column":18},"end":{"line":40,"column":7}},"16":{"start":{"line":33,"column":44},"end":{"line":40,"column":5}},"17":{"start":{"line":42,"column":18},"end":{"line":42,"column":82}},"18":{"start":{"line":42,"column":46},"end":{"line":42,"column":78}},"19":{"start":{"line":44,"column":18},"end":{"line":49,"column":6}},"20":{"start":{"line":51,"column":34},"end":{"line":60,"column":6}},"21":{"start":{"line":59,"column":6},"end":{"line":59,"column":87}},"22":{"start":{"line":62,"column":4},"end":{"line":65,"column":5}},"23":{"start":{"line":63,"column":6},"end":{"line":63,"column":58}},"24":{"start":{"line":64,"column":6},"end":{"line":64,"column":25}},"25":{"start":{"line":71,"column":4},"end":{"line":83,"column":5}},"26":{"start":{"line":72,"column":6},"end":{"line":77,"column":9}},"27":{"start":{"line":73,"column":33},"end":{"line":73,"column":81}},"28":{"start":{"line":79,"column":6},"end":{"line":81,"column":7}},"29":{"start":{"line":80,"column":8},"end":{"line":80,"column":101}},"30":{"start":{"line":82,"column":6},"end":{"line":82,"column":91}},"31":{"start":{"line":85,"column":4},"end":{"line":88,"column":83}},"32":{"start":{"line":88,"column":20},"end":{"line":88,"column":81}},"33":{"start":{"line":90,"column":4},"end":{"line":90,"column":106}},"34":{"start":{"line":92,"column":4},"end":{"line":94,"column":5}},"35":{"start":{"line":93,"column":6},"end":{"line":93,"column":101}},"36":{"start":{"line":95,"column":4},"end":{"line":95,"column":49}},"37":{"start":{"line":99,"column":0},"end":{"line":106,"column":2}},"38":{"start":{"line":100,"column":2},"end":{"line":105,"column":3}},"39":{"start":{"line":101,"column":19},"end":{"line":101,"column":84}},"40":{"start":{"line":102,"column":4},"end":{"line":102,"column":25}},"41":{"start":{"line":104,"column":4},"end":{"line":104,"column":49}},"42":{"start":{"line":108,"column":0},"end":{"line":116,"column":2}},"43":{"start":{"line":109,"column":2},"end":{"line":115,"column":3}},"44":{"start":{"line":110,"column":18},"end":{"line":110,"column":82}},"45":{"start":{"line":111,"column":4},"end":{"line":111,"column":74}},"46":{"start":{"line":111,"column":16},"end":{"line":111,"column":74}},"47":{"start":{"line":112,"column":4},"end":{"line":112,"column":24}},"48":{"start":{"line":114,"column":4},"end":{"line":114,"column":49}},"49":{"start":{"line":118,"column":0},"end":{"line":156,"column":2}},"50":{"start":{"line":119,"column":2},"end":{"line":155,"column":3}},"51":{"start":{"line":120,"column":23},"end":{"line":120,"column":31}},"52":{"start":{"line":121,"column":26},"end":{"line":121,"column":92}},"53":{"start":{"line":122,"column":4},"end":{"line":124,"column":5}},"54":{"start":{"line":123,"column":6},"end":{"line":123,"column":108}},"55":{"start":{"line":125,"column":18},"end":{"line":125,"column":53}},"56":{"start":{"line":126,"column":4},"end":{"line":126,"column":74}},"57":{"start":{"line":126,"column":16},"end":{"line":126,"column":74}},"58":{"start":{"line":128,"column":27},"end":{"line":128,"column":39}},"59":{"start":{"line":129,"column":4},"end":{"line":129,"column":26}},"60":{"start":{"line":135,"column":6},"end":{"line":137,"column":65}},"61":{"start":{"line":139,"column":4},"end":{"line":149,"column":5}},"62":{"start":{"line":140,"column":6},"end":{"line":148,"column":7}},"63":{"start":{"line":141,"column":8},"end":{"line":143,"column":30}},"64":{"start":{"line":142,"column":41},"end":{"line":142,"column":89}},"65":{"start":{"line":144,"column":8},"end":{"line":144,"column":35}},"66":{"start":{"line":146,"column":8},"end":{"line":146,"column":90}},"67":{"start":{"line":147,"column":8},"end":{"line":147,"column":95}},"68":{"start":{"line":151,"column":4},"end":{"line":151,"column":23}},"69":{"start":{"line":152,"column":4},"end":{"line":152,"column":24}},"70":{"start":{"line":154,"column":4},"end":{"line":154,"column":49}},"71":{"start":{"line":158,"column":0},"end":{"line":165,"column":2}},"72":{"start":{"line":159,"column":2},"end":{"line":164,"column":3}},"73":{"start":{"line":160,"column":19},"end":{"line":160,"column":61}},"74":{"start":{"line":161,"column":4},"end":{"line":161,"column":25}},"75":{"start":{"line":163,"column":4},"end":{"line":163,"column":49}}},"fnMap":{"0":{"name":"(anonymous_0)","decl":{"start":{"line":8,"column":22},"end":{"line":8,"column":23}},"loc":{"start":{"line":8,"column":42},"end":{"line":97,"column":1}},"line":8},"1":{"name":"(anonymous_1)","decl":{"start":{"line":33,"column":33},"end":{"line":33,"column":34}},"loc":{"start":{"line":33,"column":44},"end":{"line":40,"column":5}},"line":33},"2":{"name":"(anonymous_2)","decl":{"start":{"line":42,"column":31},"end":{"line":42,"column":32}},"loc":{"start":{"line":42,"column":46},"end":{"line":42,"column":78}},"line":42},"3":{"name":"(anonymous_3)","decl":{"start":{"line":58,"column":13},"end":{"line":58,"column":14}},"loc":{"start":{"line":58,"column":20},"end":{"line":60,"column":5}},"line":58},"4":{"name":"(anonymous_4)","decl":{"start":{"line":73,"column":25},"end":{"line":73,"column":26}},"loc":{"start":{"line":73,"column":33},"end":{"line":73,"column":81}},"line":73},"5":{"name":"(anonymous_5)","decl":{"start":{"line":88,"column":13},"end":{"line":88,"column":14}},"loc":{"start":{"line":88,"column":20},"end":{"line":88,"column":81}},"line":88},"6":{"name":"(anonymous_6)","decl":{"start":{"line":99,"column":21},"end":{"line":99,"column":22}},"loc":{"start":{"line":99,"column":41},"end":{"line":106,"column":1}},"line":99},"7":{"name":"(anonymous_7)","decl":{"start":{"line":108,"column":19},"end":{"line":108,"column":20}},"loc":{"start":{"line":108,"column":39},"end":{"line":116,"column":1}},"line":108},"8":{"name":"(anonymous_8)","decl":{"start":{"line":118,"column":23},"end":{"line":118,"column":24}},"loc":{"start":{"line":118,"column":43},"end":{"line":156,"column":1}},"line":118},"9":{"name":"(anonymous_9)","decl":{"start":{"line":142,"column":33},"end":{"line":142,"column":34}},"loc":{"start":{"line":142,"column":41},"end":{"line":142,"column":89}},"line":142},"10":{"name":"(anonymous_10)","decl":{"start":{"line":158,"column":23},"end":{"line":158,"column":24}},"loc":{"start":{"line":158,"column":43},"end":{"line":165,"column":1}},"line":158}},"branchMap":{"0":{"loc":{"start":{"line":4,"column":28},"end":{"line":4,"column":86}},"type":"binary-expr","locations":[{"start":{"line":4,"column":28},"end":{"line":4,"column":59}},{"start":{"line":4,"column":63},"end":{"line":4,"column":86}}],"line":4},"1":{"loc":{"start":{"line":5,"column":28},"end":{"line":5,"column":86}},"type":"binary-expr","locations":[{"start":{"line":5,"column":28},"end":{"line":5,"column":59}},{"start":{"line":5,"column":63},"end":{"line":5,"column":86}}],"line":5},"2":{"loc":{"start":{"line":6,"column":25},"end":{"line":6,"column":80}},"type":"binary-expr","locations":[{"start":{"line":6,"column":25},"end":{"line":6,"column":53}},{"start":{"line":6,"column":57},"end":{"line":6,"column":80}}],"line":6},"3":{"loc":{"start":{"line":18,"column":4},"end":{"line":20,"column":5}},"type":"if","locations":[{"start":{"line":18,"column":4},"end":{"line":20,"column":5}},{"start":{},"end":{}}],"line":18},"4":{"loc":{"start":{"line":18,"column":8},"end":{"line":18,"column":46}},"type":"binary-expr","locations":[{"start":{"line":18,"column":8},"end":{"line":18,"column":19}},{"start":{"line":18,"column":23},"end":{"line":18,"column":46}}],"line":18},"5":{"loc":{"start":{"line":26,"column":6},"end":{"line":30,"column":7}},"type":"if","locations":[{"start":{"line":26,"column":6},"end":{"line":30,"column":7}},{"start":{},"end":{}}],"line":26},"6":{"loc":{"start":{"line":26,"column":10},"end":{"line":26,"column":114}},"type":"binary-expr","locations":[{"start":{"line":26,"column":10},"end":{"line":26,"column":23}},{"start":{"line":26,"column":27},"end":{"line":26,"column":65}},{"start":{"line":26,"column":69},"end":{"line":26,"column":92}},{"start":{"line":26,"column":96},"end":{"line":26,"column":114}}],"line":26},"7":{"loc":{"start":{"line":34,"column":17},"end":{"line":34,"column":51}},"type":"binary-expr","locations":[{"start":{"line":34,"column":17},"end":{"line":34,"column":31}},{"start":{"line":34,"column":35},"end":{"line":34,"column":51}}],"line":34},"8":{"loc":{"start":{"line":36,"column":13},"end":{"line":36,"column":37}},"type":"binary-expr","locations":[{"start":{"line":36,"column":13},"end":{"line":36,"column":31}},{"start":{"line":36,"column":35},"end":{"line":36,"column":37}}],"line":36},"9":{"loc":{"start":{"line":48,"column":23},"end":{"line":48,"column":44}},"type":"binary-expr","locations":[{"start":{"line":48,"column":23},"end":{"line":48,"column":38}},{"start":{"line":48,"column":42},"end":{"line":48,"column":44}}],"line":48},"10":{"loc":{"start":{"line":62,"column":4},"end":{"line":65,"column":5}},"type":"if","locations":[{"start":{"line":62,"column":4},"end":{"line":65,"column":5}},{"start":{},"end":{}}],"line":62},"11":{"loc":{"start":{"line":79,"column":6},"end":{"line":81,"column":7}},"type":"if","locations":[{"start":{"line":79,"column":6},"end":{"line":81,"column":7}},{"start":{},"end":{}}],"line":79},"12":{"loc":{"start":{"line":79,"column":10},"end":{"line":79,"column":63}},"type":"binary-expr","locations":[{"start":{"line":79,"column":10},"end":{"line":79,"column":27}},{"start":{"line":79,"column":31},"end":{"line":79,"column":63}}],"line":79},"13":{"loc":{"start":{"line":80,"column":45},"end":{"line":80,"column":97}},"type":"binary-expr","locations":[{"start":{"line":80,"column":45},"end":{"line":80,"column":73}},{"start":{"line":80,"column":77},"end":{"line":80,"column":97}}],"line":80},"14":{"loc":{"start":{"line":92,"column":4},"end":{"line":94,"column":5}},"type":"if","locations":[{"start":{"line":92,"column":4},"end":{"line":94,"column":5}},{"start":{},"end":{}}],"line":92},"15":{"loc":{"start":{"line":93,"column":59},"end":{"line":93,"column":97}},"type":"binary-expr","locations":[{"start":{"line":93,"column":59},"end":{"line":93,"column":82}},{"start":{"line":93,"column":86},"end":{"line":93,"column":97}}],"line":93},"16":{"loc":{"start":{"line":111,"column":4},"end":{"line":111,"column":74}},"type":"if","locations":[{"start":{"line":111,"column":4},"end":{"line":111,"column":74}},{"start":{},"end":{}}],"line":111},"17":{"loc":{"start":{"line":122,"column":4},"end":{"line":124,"column":5}},"type":"if","locations":[{"start":{"line":122,"column":4},"end":{"line":124,"column":5}},{"start":{},"end":{}}],"line":122},"18":{"loc":{"start":{"line":126,"column":4},"end":{"line":126,"column":74}},"type":"if","locations":[{"start":{"line":126,"column":4},"end":{"line":126,"column":74}},{"start":{},"end":{}}],"line":126},"19":{"loc":{"start":{"line":135,"column":6},"end":{"line":137,"column":65}},"type":"binary-expr","locations":[{"start":{"line":135,"column":7},"end":{"line":135,"column":29}},{"start":{"line":135,"column":33},"end":{"line":135,"column":52}},{"start":{"line":136,"column":6},"end":{"line":136,"column":26}},{"start":{"line":137,"column":7},"end":{"line":137,"column":35}},{"start":{"line":137,"column":39},"end":{"line":137,"column":64}}],"line":135},"20":{"loc":{"start":{"line":139,"column":4},"end":{"line":149,"column":5}},"type":"if","locations":[{"start":{"line":139,"column":4},"end":{"line":149,"column":5}},{"start":{},"end":{}}],"line":139}},"s":{"0":1,"1":1,"2":1,"3":1,"4":1,"5":1,"6":7,"7":7,"8":7,"9":7,"10":7,"11":1,"12":6,"13":6,"14":2,"15":4,"16":4,"17":4,"18":4,"19":4,"20":4,"21":1,"22":4,"23":3,"24":3,"25":4,"26":4,"27":4,"28":2,"29":1,"30":1,"31":2,"32":0,"33":2,"34":0,"35":0,"36":0,"37":1,"38":1,"39":1,"40":1,"41":0,"42":1,"43":2,"44":2,"45":2,"46":1,"47":1,"48":0,"49":1,"50":5,"51":5,"52":5,"53":5,"54":1,"55":4,"56":4,"57":0,"58":4,"59":4,"60":4,"61":4,"62":1,"63":1,"64":1,"65":1,"66":0,"67":0,"68":4,"69":4,"70":0,"71":1,"72":1,"73":1,"74":1,"75":0},"f":{"0":7,"1":4,"2":4,"3":1,"4":4,"5":0,"6":1,"7":2,"8":5,"9":1,"10":1},"b":{"0":[1,1],"1":[1,1],"2":[1,1],"3":[1,6],"4":[7,7],"5":[2,4],"6":[6,5,5,4],"7":[4,0],"8":[4,0],"9":[4,3],"10":[3,1],"11":[1,1],"12":[2,1],"13":[1,0],"14":[0,0],"15":[0,0],"16":[1,1],"17":[1,4],"18":[0,4],"19":[4,1,3,2,1],"20":[1,3]},"_coverageSchema":"1a1c01bbd47fc00a2c39e90264f33305004495a9","hash":"ce9f22eb426c6c52937e51dde2be28a94ff189c6"}
,"/mnt/01DCB5F3E4E5D460/Aravind/void-tech-e-commerce/backend/order-service/src/models/Order.js": {"path":"/mnt/01DCB5F3E4E5D460/Aravind/void-tech-e-commerce/backend/order-service/src/models/Order.js","statementMap":{"0":{"start":{"line":1,"column":17},"end":{"line":1,"column":36}},"1":{"start":{"line":3,"column":24},"end":{"line":10,"column":18}},"2":{"start":{"line":12,"column":20},"end":{"line":24,"column":24}},"3":{"start":{"line":26,"column":0},"end":{"line":26,"column":48}},"4":{"start":{"line":28,"column":0},"end":{"line":28,"column":54}}},"fnMap":{},"branchMap":{},"s":{"0":1,"1":1,"2":1,"3":1,"4":1},"f":{},"b":{},"_coverageSchema":"1a1c01bbd47fc00a2c39e90264f33305004495a9","hash":"dcc53681a965392e3006095c85ee9061ed9ad5d4"}
,"/mnt/01DCB5F3E4E5D460/Aravind/void-tech-e-commerce/backend/order-service/src/routes/orders.js": {"path":"/mnt/01DCB5F3E4E5D460/Aravind/void-tech-e-commerce/backend/order-service/src/routes/orders.js","statementMap":{"0":{"start":{"line":1,"column":19},"end":{"line":1,"column":37}},"1":{"start":{"line":2,"column":36},"end":{"line":2,"column":78}},"2":{"start":{"line":3,"column":74},"end":{"line":3,"column":115}},"3":{"start":{"line":5,"column":15},"end":{"line":5,"column":23}},"4":{"start":{"line":7,"column":0},"end":{"line":7,"column":44}},"5":{"start":{"line":8,"column":0},"end":{"line":8,"column":42}},"6":{"start":{"line":9,"column":0},"end":{"line":9,"column":58}},"7":{"start":{"line":10,"column":0},"end":{"line":10,"column":43}},"8":{"start":{"line":11,"column":0},"end":{"line":11,"column":67}},"9":{"start":{"line":13,"column":0},"end":{"line":13,"column":24}}},"fnMap":{},"branchMap":{},"s":{"0":0,"1":0,"2":0,"3":0,"4":0,"5":0,"6":0,"7":0,"8":0,"9":0},"f":{},"b":{}}
,"/mnt/01DCB5F3E4E5D460/Aravind/void-tech-e-commerce/backend/payment-service/src/index.js": {"path":"/mnt/01DCB5F3E4E5D460/Aravind/void-tech-e-commerce/backend/payment-service/src/index.js","statementMap":{"0":{"start":{"line":1,"column":0},"end":{"line":1,"column":27}},"1":{"start":{"line":2,"column":16},"end":{"line":2,"column":34}},"2":{"start":{"line":3,"column":17},"end":{"line":3,"column":36}},"3":{"start":{"line":4,"column":13},"end":{"line":4,"column":28}},"4":{"start":{"line":5,"column":22},"end":{"line":5,"column":50}},"5":{"start":{"line":6,"column":26},"end":{"line":6,"column":68}},"6":{"start":{"line":8,"column":12},"end":{"line":8,"column":21}},"7":{"start":{"line":9,"column":13},"end":{"line":9,"column":37}},"8":{"start":{"line":11,"column":0},"end":{"line":11,"column":16}},"9":{"start":{"line":13,"column":0},"end":{"line":13,"column":99}},"10":{"start":{"line":15,"column":0},"end":{"line":15,"column":24}},"11":{"start":{"line":17,"column":0},"end":{"line":17,"column":40}},"12":{"start":{"line":19,"column":0},"end":{"line":30,"column":3}},"13":{"start":{"line":20,"column":2},"end":{"line":29,"column":5}},"14":{"start":{"line":32,"column":0},"end":{"line":40,"column":5}},"15":{"start":{"line":34,"column":4},"end":{"line":34,"column":57}},"16":{"start":{"line":35,"column":4},"end":{"line":35,"column":83}},"17":{"start":{"line":35,"column":27},"end":{"line":35,"column":81}},"18":{"start":{"line":38,"column":4},"end":{"line":38,"column":63}},"19":{"start":{"line":39,"column":4},"end":{"line":39,"column":20}}},"fnMap":{"0":{"name":"(anonymous_0)","decl":{"start":{"line":19,"column":19},"end":{"line":19,"column":20}},"loc":{"start":{"line":19,"column":33},"end":{"line":30,"column":1}},"line":19},"1":{"name":"(anonymous_1)","decl":{"start":{"line":33,"column":8},"end":{"line":33,"column":9}},"loc":{"start":{"line":33,"column":14},"end":{"line":36,"column":3}},"line":33},"2":{"name":"(anonymous_2)","decl":{"start":{"line":35,"column":21},"end":{"line":35,"column":22}},"loc":{"start":{"line":35,"column":27},"end":{"line":35,"column":81}},"line":35},"3":{"name":"(anonymous_3)","decl":{"start":{"line":37,"column":9},"end":{"line":37,"column":10}},"loc":{"start":{"line":37,"column":18},"end":{"line":40,"column":3}},"line":37}},"branchMap":{"0":{"loc":{"start":{"line":9,"column":13},"end":{"line":9,"column":37}},"type":"binary-expr","locations":[{"start":{"line":9,"column":13},"end":{"line":9,"column":29}},{"start":{"line":9,"column":33},"end":{"line":9,"column":37}}],"line":9},"1":{"loc":{"start":{"line":27,"column":13},"end":{"line":27,"column":80}},"type":"cond-expr","locations":[{"start":{"line":27,"column":52},"end":{"line":27,"column":63}},{"start":{"line":27,"column":66},"end":{"line":27,"column":80}}],"line":27}},"s":{"0":0,"1":0,"2":0,"3":0,"4":0,"5":0,"6":0,"7":0,"8":0,"9":0,"10":0,"11":0,"12":0,"13":0,"14":0,"15":0,"16":0,"17":0,"18":0,"19":0},"f":{"0":0,"1":0,"2":0,"3":0},"b":{"0":[0,0],"1":[0,0]}}
,"/mnt/01DCB5F3E4E5D460/Aravind/void-tech-e-commerce/backend/payment-service/src/controllers/paymentController.js": {"path":"/mnt/01DCB5F3E4E5D460/Aravind/void-tech-e-commerce/backend/payment-service/src/controllers/paymentController.js","statementMap":{"0":{"start":{"line":1,"column":16},"end":{"line":1,"column":44}},"1":{"start":{"line":2,"column":14},"end":{"line":2,"column":30}},"2":{"start":{"line":4,"column":26},"end":{"line":4,"column":82}},"3":{"start":{"line":6,"column":14},"end":{"line":6,"column":18}},"4":{"start":{"line":8,"column":2},"end":{"line":8,"column":30}},"5":{"start":{"line":8,"column":15},"end":{"line":8,"column":30}},"6":{"start":{"line":9,"column":14},"end":{"line":9,"column":43}},"7":{"start":{"line":10,"column":2},"end":{"line":10,"column":58}},"8":{"start":{"line":10,"column":46},"end":{"line":10,"column":58}},"9":{"start":{"line":11,"column":2},"end":{"line":11,"column":35}},"10":{"start":{"line":12,"column":2},"end":{"line":12,"column":17}},"11":{"start":{"line":16,"column":2},"end":{"line":16,"column":23}},"12":{"start":{"line":19,"column":0},"end":{"line":70,"column":2}},"13":{"start":{"line":20,"column":2},"end":{"line":69,"column":3}},"14":{"start":{"line":21,"column":66},"end":{"line":21,"column":74}},"15":{"start":{"line":22,"column":4},"end":{"line":24,"column":5}},"16":{"start":{"line":23,"column":6},"end":{"line":23,"column":80}},"17":{"start":{"line":26,"column":4},"end":{"line":35,"column":5}},"18":{"start":{"line":27,"column":23},"end":{"line":27,"column":64}},"19":{"start":{"line":28,"column":6},"end":{"line":34,"column":7}},"20":{"start":{"line":29,"column":8},"end":{"line":33,"column":11}},"21":{"start":{"line":37,"column":19},"end":{"line":37,"column":30}},"22":{"start":{"line":40,"column":17},"end":{"line":40,"column":22}},"23":{"start":{"line":42,"column":4},"end":{"line":54,"column":5}},"24":{"start":{"line":43,"column":28},"end":{"line":47,"column":8}},"25":{"start":{"line":48,"column":6},"end":{"line":48,"column":49}},"26":{"start":{"line":49,"column":6},"end":{"line":49,"column":41}},"27":{"start":{"line":51,"column":6},"end":{"line":51,"column":91}},"28":{"start":{"line":52,"column":6},"end":{"line":52,"column":54}},"29":{"start":{"line":53,"column":6},"end":{"line":53,"column":20}},"30":{"start":{"line":56,"column":20},"end":{"line":64,"column":6}},"31":{"start":{"line":66,"column":4},"end":{"line":66,"column":56}},"32":{"start":{"line":68,"column":4},"end":{"line":68,"column":49}},"33":{"start":{"line":72,"column":0},"end":{"line":80,"column":2}},"34":{"start":{"line":73,"column":2},"end":{"line":79,"column":3}},"35":{"start":{"line":74,"column":20},"end":{"line":74,"column":98}},"36":{"start":{"line":75,"column":4},"end":{"line":75,"column":78}},"37":{"start":{"line":75,"column":18},"end":{"line":75,"column":78}},"38":{"start":{"line":76,"column":4},"end":{"line":76,"column":26}},"39":{"start":{"line":78,"column":4},"end":{"line":78,"column":49}},"40":{"start":{"line":82,"column":0},"end":{"line":127,"column":2}},"41":{"start":{"line":83,"column":14},"end":{"line":83,"column":45}},"42":{"start":{"line":86,"column":17},"end":{"line":86,"column":28}},"43":{"start":{"line":87,"column":2},"end":{"line":89,"column":3}},"44":{"start":{"line":88,"column":4},"end":{"line":88,"column":86}},"45":{"start":{"line":91,"column":2},"end":{"line":95,"column":3}},"46":{"start":{"line":92,"column":4},"end":{"line":92,"column":93}},"47":{"start":{"line":94,"column":4},"end":{"line":94,"column":100}},"48":{"start":{"line":97,"column":24},"end":{"line":97,"column":41}},"49":{"start":{"line":99,"column":2},"end":{"line":124,"column":3}},"50":{"start":{"line":100,"column":4},"end":{"line":121,"column":5}},"51":{"start":{"line":102,"column":8},"end":{"line":105,"column":10}},"52":{"start":{"line":106,"column":24},"end":{"line":106,"column":54}},"53":{"start":{"line":107,"column":8},"end":{"line":108,"column":85}},"54":{"start":{"line":108,"column":24},"end":{"line":108,"column":83}},"55":{"start":{"line":109,"column":8},"end":{"line":109,"column":14}},"56":{"start":{"line":112,"column":8},"end":{"line":115,"column":10}},"57":{"start":{"line":116,"column":24},"end":{"line":116,"column":54}},"58":{"start":{"line":117,"column":8},"end":{"line":118,"column":85}},"59":{"start":{"line":118,"column":24},"end":{"line":118,"column":83}},"60":{"start":{"line":119,"column":8},"end":{"line":119,"column":14}},"61":{"start":{"line":123,"column":4},"end":{"line":123,"column":49}},"62":{"start":{"line":126,"column":2},"end":{"line":126,"column":31}}},"fnMap":{"0":{"name":"getStripe","decl":{"start":{"line":7,"column":9},"end":{"line":7,"column":18}},"loc":{"start":{"line":7,"column":21},"end":{"line":13,"column":1}},"line":7},"1":{"name":"isStripeConfigured","decl":{"start":{"line":15,"column":9},"end":{"line":15,"column":27}},"loc":{"start":{"line":15,"column":30},"end":{"line":17,"column":1}},"line":15},"2":{"name":"(anonymous_2)","decl":{"start":{"line":19,"column":23},"end":{"line":19,"column":24}},"loc":{"start":{"line":19,"column":43},"end":{"line":70,"column":1}},"line":19},"3":{"name":"(anonymous_3)","decl":{"start":{"line":72,"column":20},"end":{"line":72,"column":21}},"loc":{"start":{"line":72,"column":40},"end":{"line":80,"column":1}},"line":72},"4":{"name":"(anonymous_4)","decl":{"start":{"line":82,"column":24},"end":{"line":82,"column":25}},"loc":{"start":{"line":82,"column":44},"end":{"line":127,"column":1}},"line":82},"5":{"name":"(anonymous_5)","decl":{"start":{"line":108,"column":17},"end":{"line":108,"column":18}},"loc":{"start":{"line":108,"column":24},"end":{"line":108,"column":83}},"line":108},"6":{"name":"(anonymous_6)","decl":{"start":{"line":118,"column":17},"end":{"line":118,"column":18}},"loc":{"start":{"line":118,"column":24},"end":{"line":118,"column":83}},"line":118}},"branchMap":{"0":{"loc":{"start":{"line":4,"column":26},"end":{"line":4,"column":82}},"type":"binary-expr","locations":[{"start":{"line":4,"column":26},"end":{"line":4,"column":55}},{"start":{"line":4,"column":59},"end":{"line":4,"column":82}}],"line":4},"1":{"loc":{"start":{"line":8,"column":2},"end":{"line":8,"column":30}},"type":"if","locations":[{"start":{"line":8,"column":2},"end":{"line":8,"column":30}},{"start":{},"end":{}}],"line":8},"2":{"loc":{"start":{"line":10,"column":2},"end":{"line":10,"column":58}},"type":"if","locations":[{"start":{"line":10,"column":2},"end":{"line":10,"column":58}},{"start":{},"end":{}}],"line":10},"3":{"loc":{"start":{"line":10,"column":6},"end":{"line":10,"column":44}},"type":"binary-expr","locations":[{"start":{"line":10,"column":6},"end":{"line":10,"column":10}},{"start":{"line":10,"column":14},"end":{"line":10,"column":44}}],"line":10},"4":{"loc":{"start":{"line":21,"column":29},"end":{"line":21,"column":45}},"type":"default-arg","locations":[{"start":{"line":21,"column":40},"end":{"line":21,"column":45}}],"line":21},"5":{"loc":{"start":{"line":22,"column":4},"end":{"line":24,"column":5}},"type":"if","locations":[{"start":{"line":22,"column":4},"end":{"line":24,"column":5}},{"start":{},"end":{}}],"line":22},"6":{"loc":{"start":{"line":22,"column":8},"end":{"line":22,"column":27}},"type":"binary-expr","locations":[{"start":{"line":22,"column":8},"end":{"line":22,"column":16}},{"start":{"line":22,"column":20},"end":{"line":22,"column":27}}],"line":22},"7":{"loc":{"start":{"line":26,"column":4},"end":{"line":35,"column":5}},"type":"if","locations":[{"start":{"line":26,"column":4},"end":{"line":35,"column":5}},{"start":{},"end":{}}],"line":26},"8":{"loc":{"start":{"line":28,"column":6},"end":{"line":34,"column":7}},"type":"if","locations":[{"start":{"line":28,"column":6},"end":{"line":34,"column":7}},{"start":{},"end":{}}],"line":28},"9":{"loc":{"start":{"line":42,"column":4},"end":{"line":54,"column":5}},"type":"if","locations":[{"start":{"line":42,"column":4},"end":{"line":54,"column":5}},{"start":{"line":50,"column":11},"end":{"line":54,"column":5}}],"line":42},"10":{"loc":{"start":{"line":62,"column":14},"end":{"line":62,"column":44}},"type":"cond-expr","locations":[{"start":{"line":62,"column":23},"end":{"line":62,"column":32}},{"start":{"line":62,"column":35},"end":{"line":62,"column":44}}],"line":62},"11":{"loc":{"start":{"line":75,"column":4},"end":{"line":75,"column":78}},"type":"if","locations":[{"start":{"line":75,"column":4},"end":{"line":75,"column":78}},{"start":{},"end":{}}],"line":75},"12":{"loc":{"start":{"line":87,"column":2},"end":{"line":89,"column":3}},"type":"if","locations":[{"start":{"line":87,"column":2},"end":{"line":89,"column":3}},{"start":{},"end":{}}],"line":87},"13":{"loc":{"start":{"line":100,"column":4},"end":{"line":121,"column":5}},"type":"switch","locations":[{"start":{"line":101,"column":6},"end":{"line":110,"column":7}},{"start":{"line":111,"column":6},"end":{"line":120,"column":7}}],"line":100}},"s":{"0":7,"1":7,"2":7,"3":7,"4":2,"5":0,"6":2,"7":2,"8":2,"9":0,"10":0,"11":0,"12":7,"13":3,"14":3,"15":3,"16":1,"17":2,"18":1,"19":1,"20":1,"21":1,"22":1,"23":1,"24":0,"25":0,"26":0,"27":1,"28":1,"29":1,"30":1,"31":1,"32":0,"33":7,"34":2,"35":2,"36":2,"37":1,"38":1,"39":0,"40":7,"41":1,"42":1,"43":1,"44":1,"45":0,"46":0,"47":0,"48":0,"49":0,"50":0,"51":0,"52":0,"53":0,"54":0,"55":0,"56":0,"57":0,"58":0,"59":0,"60":0,"61":0,"62":0},"f":{"0":2,"1":0,"2":3,"3":2,"4":1,"5":0,"6":0},"b":{"0":[7,7],"1":[0,2],"2":[2,0],"3":[2,0],"4":[2],"5":[1,2],"6":[3,3],"7":[1,1],"8":[1,0],"9":[0,1],"10":[1,0],"11":[1,1],"12":[1,0],"13":[0,0]},"_coverageSchema":"1a1c01bbd47fc00a2c39e90264f33305004495a9","hash":"ca9b471200b5063fbeda94538591a6b324e06ea4"}
,"/mnt/01DCB5F3E4E5D460/Aravind/void-tech-e-commerce/backend/payment-service/src/models/Payment.js": {"path":"/mnt/01DCB5F3E4E5D460/Aravind/void-tech-e-commerce/backend/payment-service/src/models/Payment.js","statementMap":{"0":{"start":{"line":1,"column":17},"end":{"line":1,"column":36}},"1":{"start":{"line":3,"column":22},"end":{"line":15,"column":24}},"2":{"start":{"line":17,"column":0},"end":{"line":17,"column":36}},"3":{"start":{"line":19,"column":0},"end":{"line":19,"column":58}}},"fnMap":{},"branchMap":{},"s":{"0":1,"1":1,"2":1,"3":1},"f":{},"b":{},"_coverageSchema":"1a1c01bbd47fc00a2c39e90264f33305004495a9","hash":"1103922289878adf6eb8061d667d61b1b97cab5d"}
,"/mnt/01DCB5F3E4E5D460/Aravind/void-tech-e-commerce/backend/payment-service/src/routes/payments.js": {"path":"/mnt/01DCB5F3E4E5D460/Aravind/void-tech-e-commerce/backend/payment-service/src/routes/payments.js","statementMap":{"0":{"start":{"line":1,"column":19},"end":{"line":1,"column":37}},"1":{"start":{"line":2,"column":25},"end":{"line":2,"column":67}},"2":{"start":{"line":3,"column":36},"end":{"line":3,"column":79}},"3":{"start":{"line":5,"column":15},"end":{"line":5,"column":23}},"4":{"start":{"line":7,"column":0},"end":{"line":7,"column":58}},"5":{"start":{"line":8,"column":0},"end":{"line":8,"column":56}},"6":{"start":{"line":10,"column":0},"end":{"line":10,"column":24}}},"fnMap":{},"branchMap":{},"s":{"0":0,"1":0,"2":0,"3":0,"4":0,"5":0,"6":0},"f":{},"b":{}}
,"/mnt/01DCB5F3E4E5D460/Aravind/void-tech-e-commerce/backend/product-service/src/index.js": {"path":"/mnt/01DCB5F3E4E5D460/Aravind/void-tech-e-commerce/backend/product-service/src/index.js","statementMap":{"0":{"start":{"line":1,"column":0},"end":{"line":1,"column":27}},"1":{"start":{"line":2,"column":16},"end":{"line":2,"column":34}},"2":{"start":{"line":3,"column":17},"end":{"line":3,"column":36}},"3":{"start":{"line":4,"column":13},"end":{"line":4,"column":28}},"4":{"start":{"line":5,"column":22},"end":{"line":5,"column":50}},"5":{"start":{"line":7,"column":12},"end":{"line":7,"column":21}},"6":{"start":{"line":8,"column":13},"end":{"line":8,"column":37}},"7":{"start":{"line":10,"column":0},"end":{"line":10,"column":16}},"8":{"start":{"line":11,"column":0},"end":{"line":11,"column":24}},"9":{"start":{"line":13,"column":0},"end":{"line":13,"column":40}},"10":{"start":{"line":15,"column":0},"end":{"line":26,"column":3}},"11":{"start":{"line":16,"column":2},"end":{"line":25,"column":5}},"12":{"start":{"line":28,"column":0},"end":{"line":36,"column":5}},"13":{"start":{"line":30,"column":4},"end":{"line":30,"column":57}},"14":{"start":{"line":31,"column":4},"end":{"line":31,"column":83}},"15":{"start":{"line":31,"column":27},"end":{"line":31,"column":81}},"16":{"start":{"line":34,"column":4},"end":{"line":34,"column":63}},"17":{"start":{"line":35,"column":4},"end":{"line":35,"column":20}}},"fnMap":{"0":{"name":"(anonymous_0)","decl":{"start":{"line":15,"column":19},"end":{"line":15,"column":20}},"loc":{"start":{"line":15,"column":33},"end":{"line":26,"column":1}},"line":15},"1":{"name":"(anonymous_1)","decl":{"start":{"line":29,"column":8},"end":{"line":29,"column":9}},"loc":{"start":{"line":29,"column":14},"end":{"line":32,"column":3}},"line":29},"2":{"name":"(anonymous_2)","decl":{"start":{"line":31,"column":21},"end":{"line":31,"column":22}},"loc":{"start":{"line":31,"column":27},"end":{"line":31,"column":81}},"line":31},"3":{"name":"(anonymous_3)","decl":{"start":{"line":33,"column":9},"end":{"line":33,"column":10}},"loc":{"start":{"line":33,"column":18},"end":{"line":36,"column":3}},"line":33}},"branchMap":{"0":{"loc":{"start":{"line":8,"column":13},"end":{"line":8,"column":37}},"type":"binary-expr","locations":[{"start":{"line":8,"column":13},"end":{"line":8,"column":29}},{"start":{"line":8,"column":33},"end":{"line":8,"column":37}}],"line":8},"1":{"loc":{"start":{"line":23,"column":13},"end":{"line":23,"column":80}},"type":"cond-expr","locations":[{"start":{"line":23,"column":52},"end":{"line":23,"column":63}},{"start":{"line":23,"column":66},"end":{"line":23,"column":80}}],"line":23}},"s":{"0":0,"1":0,"2":0,"3":0,"4":0,"5":0,"6":0,"7":0,"8":0,"9":0,"10":0,"11":0,"12":0,"13":0,"14":0,"15":0,"16":0,"17":0},"f":{"0":0,"1":0,"2":0,"3":0},"b":{"0":[0,0],"1":[0,0]}}
,"/mnt/01DCB5F3E4E5D460/Aravind/void-tech-e-commerce/backend/product-service/src/seed.js": {"path":"/mnt/01DCB5F3E4E5D460/Aravind/void-tech-e-commerce/backend/product-service/src/seed.js","statementMap":{"0":{"start":{"line":1,"column":0},"end":{"line":1,"column":27}},"1":{"start":{"line":2,"column":17},"end":{"line":2,"column":36}},"2":{"start":{"line":3,"column":16},"end":{"line":3,"column":43}},"3":{"start":{"line":5,"column":17},"end":{"line":85,"column":1}},"4":{"start":{"line":88,"column":2},"end":{"line":96,"column":3}},"5":{"start":{"line":88,"column":15},"end":{"line":88,"column":16}},"6":{"start":{"line":89,"column":4},"end":{"line":95,"column":5}},"7":{"start":{"line":90,"column":6},"end":{"line":90,"column":88}},"8":{"start":{"line":91,"column":6},"end":{"line":91,"column":13}},"9":{"start":{"line":93,"column":6},"end":{"line":93,"column":70}},"10":{"start":{"line":94,"column":6},"end":{"line":94,"column":55}},"11":{"start":{"line":94,"column":31},"end":{"line":94,"column":53}},"12":{"start":{"line":97,"column":2},"end":{"line":97,"column":57}},"13":{"start":{"line":101,"column":2},"end":{"line":116,"column":3}},"14":{"start":{"line":102,"column":4},"end":{"line":102,"column":29}},"15":{"start":{"line":104,"column":21},"end":{"line":104,"column":51}},"16":{"start":{"line":105,"column":4},"end":{"line":108,"column":5}},"17":{"start":{"line":106,"column":6},"end":{"line":106,"column":79}},"18":{"start":{"line":107,"column":6},"end":{"line":107,"column":22}},"19":{"start":{"line":110,"column":4},"end":{"line":110,"column":39}},"20":{"start":{"line":111,"column":4},"end":{"line":111,"column":63}},"21":{"start":{"line":112,"column":4},"end":{"line":112,"column":20}},"22":{"start":{"line":114,"column":4},"end":{"line":114,"column":40}},"23":{"start":{"line":115,"column":4},"end":{"line":115,"column":20}},"24":{"start":{"line":119,"column":0},"end":{"line":119,"column":7}}},"fnMap":{"0":{"name":"connectWithRetry","decl":{"start":{"line":87,"column":15},"end":{"line":87,"column":31}},"loc":{"start":{"line":87,"column":62},"end":{"line":98,"column":1}},"line":87},"1":{"name":"(anonymous_1)","decl":{"start":{"line":94,"column":24},"end":{"line":94,"column":25}},"loc":{"start":{"line":94,"column":31},"end":{"line":94,"column":53}},"line":94},"2":{"name":"seed","decl":{"start":{"line":100,"column":15},"end":{"line":100,"column":19}},"loc":{"start":{"line":100,"column":22},"end":{"line":117,"column":1}},"line":100}},"branchMap":{"0":{"loc":{"start":{"line":87,"column":32},"end":{"line":87,"column":44}},"type":"default-arg","locations":[{"start":{"line":87,"column":42},"end":{"line":87,"column":44}}],"line":87},"1":{"loc":{"start":{"line":87,"column":46},"end":{"line":87,"column":60}},"type":"default-arg","locations":[{"start":{"line":87,"column":56},"end":{"line":87,"column":60}}],"line":87},"2":{"loc":{"start":{"line":105,"column":4},"end":{"line":108,"column":5}},"type":"if","locations":[{"start":{"line":105,"column":4},"end":{"line":108,"column":5}},{"start":{},"end":{}}],"line":105}},"s":{"0":0,"1":0,"2":0,"3":0,"4":0,"5":0,"6":0,"7":0,"8":0,"9":0,"10":0,"11":0,"12":0,"13":0,"14":0,"15":0,"16":0,"17":0,"18":0,"19":0,"20":0,"21":0,"22":0,"23":0,"24":0},"f":{"0":0,"1":0,"2":0},"b":{"0":[0],"1":[0],"2":[0,0]}}
,"/mnt/01DCB5F3E4E5D460/Aravind/void-tech-e-commerce/backend/product-service/src/controllers/productController.js": {"path":"/mnt/01DCB5F3E4E5D460/Aravind/void-tech-e-commerce/backend/product-service/src/controllers/productController.js","statementMap":{"0":{"start":{"line":1,"column":16},"end":{"line":1,"column":44}},"1":{"start":{"line":3,"column":0},"end":{"line":40,"column":2}},"2":{"start":{"line":4,"column":2},"end":{"line":39,"column":3}},"3":{"start":{"line":5,"column":86},"end":{"line":5,"column":95}},"4":{"start":{"line":6,"column":19},"end":{"line":6,"column":21}},"5":{"start":{"line":8,"column":4},"end":{"line":8,"column":59}},"6":{"start":{"line":8,"column":18},"end":{"line":8,"column":59}},"7":{"start":{"line":9,"column":4},"end":{"line":9,"column":51}},"8":{"start":{"line":9,"column":16},"end":{"line":9,"column":51}},"9":{"start":{"line":10,"column":4},"end":{"line":14,"column":5}},"10":{"start":{"line":11,"column":6},"end":{"line":11,"column":24}},"11":{"start":{"line":12,"column":6},"end":{"line":12,"column":57}},"12":{"start":{"line":12,"column":20},"end":{"line":12,"column":57}},"13":{"start":{"line":13,"column":6},"end":{"line":13,"column":57}},"14":{"start":{"line":13,"column":20},"end":{"line":13,"column":57}},"15":{"start":{"line":15,"column":4},"end":{"line":22,"column":5}},"16":{"start":{"line":16,"column":23},"end":{"line":16,"column":42}},"17":{"start":{"line":17,"column":21},"end":{"line":20,"column":58}},"18":{"start":{"line":19,"column":20},"end":{"line":19,"column":28}},"19":{"start":{"line":20,"column":23},"end":{"line":20,"column":57}},"20":{"start":{"line":21,"column":6},"end":{"line":21,"column":54}},"21":{"start":{"line":21,"column":25},"end":{"line":21,"column":54}},"22":{"start":{"line":24,"column":21},"end":{"line":24,"column":38}},"23":{"start":{"line":25,"column":4},"end":{"line":28,"column":55}},"24":{"start":{"line":25,"column":30},"end":{"line":25,"column":56}},"25":{"start":{"line":26,"column":9},"end":{"line":28,"column":55}},"26":{"start":{"line":26,"column":36},"end":{"line":26,"column":63}},"27":{"start":{"line":27,"column":9},"end":{"line":28,"column":55}},"28":{"start":{"line":27,"column":32},"end":{"line":27,"column":60}},"29":{"start":{"line":28,"column":9},"end":{"line":28,"column":55}},"30":{"start":{"line":28,"column":30},"end":{"line":28,"column":55}},"31":{"start":{"line":30,"column":17},"end":{"line":30,"column":51}},"32":{"start":{"line":31,"column":30},"end":{"line":34,"column":6}},"33":{"start":{"line":36,"column":4},"end":{"line":36,"column":100}},"34":{"start":{"line":38,"column":4},"end":{"line":38,"column":49}},"35":{"start":{"line":42,"column":0},"end":{"line":50,"column":2}},"36":{"start":{"line":43,"column":2},"end":{"line":49,"column":3}},"37":{"start":{"line":44,"column":20},"end":{"line":44,"column":57}},"38":{"start":{"line":45,"column":4},"end":{"line":45,"column":78}},"39":{"start":{"line":45,"column":18},"end":{"line":45,"column":78}},"40":{"start":{"line":46,"column":4},"end":{"line":46,"column":26}},"41":{"start":{"line":48,"column":4},"end":{"line":48,"column":49}},"42":{"start":{"line":52,"column":0},"end":{"line":59,"column":2}},"43":{"start":{"line":53,"column":2},"end":{"line":58,"column":3}},"44":{"start":{"line":54,"column":20},"end":{"line":54,"column":50}},"45":{"start":{"line":55,"column":4},"end":{"line":55,"column":38}},"46":{"start":{"line":57,"column":4},"end":{"line":57,"column":49}},"47":{"start":{"line":61,"column":0},"end":{"line":69,"column":2}},"48":{"start":{"line":62,"column":2},"end":{"line":68,"column":3}},"49":{"start":{"line":63,"column":20},"end":{"line":63,"column":112}},"50":{"start":{"line":64,"column":4},"end":{"line":64,"column":78}},"51":{"start":{"line":64,"column":18},"end":{"line":64,"column":78}},"52":{"start":{"line":65,"column":4},"end":{"line":65,"column":26}},"53":{"start":{"line":67,"column":4},"end":{"line":67,"column":49}},"54":{"start":{"line":71,"column":0},"end":{"line":79,"column":2}},"55":{"start":{"line":72,"column":2},"end":{"line":78,"column":3}},"56":{"start":{"line":73,"column":20},"end":{"line":73,"column":66}},"57":{"start":{"line":74,"column":4},"end":{"line":74,"column":78}},"58":{"start":{"line":74,"column":18},"end":{"line":74,"column":78}},"59":{"start":{"line":75,"column":4},"end":{"line":75,"column":45}},"60":{"start":{"line":77,"column":4},"end":{"line":77,"column":49}},"61":{"start":{"line":81,"column":0},"end":{"line":99,"column":2}},"62":{"start":{"line":82,"column":2},"end":{"line":98,"column":3}},"63":{"start":{"line":83,"column":22},"end":{"line":83,"column":30}},"64":{"start":{"line":84,"column":20},"end":{"line":89,"column":7}},"65":{"start":{"line":84,"column":60},"end":{"line":89,"column":5}},"66":{"start":{"line":90,"column":19},"end":{"line":90,"column":51}},"67":{"start":{"line":91,"column":25},"end":{"line":91,"column":60}},"68":{"start":{"line":92,"column":4},"end":{"line":94,"column":5}},"69":{"start":{"line":93,"column":6},"end":{"line":93,"column":96}},"70":{"start":{"line":95,"column":4},"end":{"line":95,"column":56}},"71":{"start":{"line":97,"column":4},"end":{"line":97,"column":49}},"72":{"start":{"line":101,"column":0},"end":{"line":118,"column":2}},"73":{"start":{"line":102,"column":2},"end":{"line":117,"column":3}},"74":{"start":{"line":103,"column":22},"end":{"line":103,"column":30}},"75":{"start":{"line":104,"column":4},"end":{"line":106,"column":5}},"76":{"start":{"line":105,"column":6},"end":{"line":105,"column":72}},"77":{"start":{"line":107,"column":20},"end":{"line":112,"column":7}},"78":{"start":{"line":107,"column":60},"end":{"line":112,"column":5}},"79":{"start":{"line":113,"column":4},"end":{"line":113,"column":37}},"80":{"start":{"line":114,"column":4},"end":{"line":114,"column":57}},"81":{"start":{"line":116,"column":4},"end":{"line":116,"column":49}}},"fnMap":{"0":{"name":"(anonymous_0)","decl":{"start":{"line":3,"column":23},"end":{"line":3,"column":24}},"loc":{"start":{"line":3,"column":43},"end":{"line":40,"column":1}},"line":3},"1":{"name":"(anonymous_1)","decl":{"start":{"line":19,"column":13},"end":{"line":19,"column":14}},"loc":{"start":{"line":19,"column":20},"end":{"line":19,"column":28}},"line":19},"2":{"name":"(anonymous_2)","decl":{"start":{"line":20,"column":16},"end":{"line":20,"column":17}},"loc":{"start":{"line":20,"column":23},"end":{"line":20,"column":57}},"line":20},"3":{"name":"(anonymous_3)","decl":{"start":{"line":42,"column":21},"end":{"line":42,"column":22}},"loc":{"start":{"line":42,"column":41},"end":{"line":50,"column":1}},"line":42},"4":{"name":"(anonymous_4)","decl":{"start":{"line":52,"column":24},"end":{"line":52,"column":25}},"loc":{"start":{"line":52,"column":44},"end":{"line":59,"column":1}},"line":52},"5":{"name":"(anonymous_5)","decl":{"start":{"line":61,"column":24},"end":{"line":61,"column":25}},"loc":{"start":{"line":61,"column":44},"end":{"line":69,"column":1}},"line":61},"6":{"name":"(anonymous_6)","decl":{"start":{"line":71,"column":24},"end":{"line":71,"column":25}},"loc":{"start":{"line":71,"column":44},"end":{"line":79,"column":1}},"line":71},"7":{"name":"(anonymous_7)","decl":{"start":{"line":81,"column":22},"end":{"line":81,"column":23}},"loc":{"start":{"line":81,"column":42},"end":{"line":99,"column":1}},"line":81},"8":{"name":"(anonymous_8)","decl":{"start":{"line":84,"column":30},"end":{"line":84,"column":31}},"loc":{"start":{"line":84,"column":60},"end":{"line":89,"column":5}},"line":84},"9":{"name":"(anonymous_9)","decl":{"start":{"line":101,"column":23},"end":{"line":101,"column":24}},"loc":{"start":{"line":101,"column":43},"end":{"line":118,"column":1}},"line":101},"10":{"name":"(anonymous_10)","decl":{"start":{"line":107,"column":30},"end":{"line":107,"column":31}},"loc":{"start":{"line":107,"column":60},"end":{"line":112,"column":5}},"line":107}},"branchMap":{"0":{"loc":{"start":{"line":5,"column":56},"end":{"line":5,"column":64}},"type":"default-arg","locations":[{"start":{"line":5,"column":63},"end":{"line":5,"column":64}}],"line":5},"1":{"loc":{"start":{"line":5,"column":66},"end":{"line":5,"column":76}},"type":"default-arg","locations":[{"start":{"line":5,"column":74},"end":{"line":5,"column":76}}],"line":5},"2":{"loc":{"start":{"line":8,"column":4},"end":{"line":8,"column":59}},"type":"if","locations":[{"start":{"line":8,"column":4},"end":{"line":8,"column":59}},{"start":{},"end":{}}],"line":8},"3":{"loc":{"start":{"line":9,"column":4},"end":{"line":9,"column":51}},"type":"if","locations":[{"start":{"line":9,"column":4},"end":{"line":9,"column":51}},{"start":{},"end":{}}],"line":9},"4":{"loc":{"start":{"line":10,"column":4},"end":{"line":14,"column":5}},"type":"if","locations":[{"start":{"line":10,"column":4},"end":{"line":14,"column":5}},{"start":{},"end":{}}],"line":10},"5":{"loc":{"start":{"line":10,"column":8},"end":{"line":10,"column":28}},"type":"binary-expr","locations":[{"start":{"line":10,"column":8},"end":{"line":10,"column":16}},{"start":{"line":10,"column":20},"end":{"line":10,"column":28}}],"line":10},"6":{"loc":{"start":{"line":12,"column":6},"end":{"line":12,"column":57}},"type":"if","locations":[{"start":{"line":12,"column":6},"end":{"line":12,"column":57}},{"start":{},"end":{}}],"line":12},"7":{"loc":{"start":{"line":13,"column":6},"end":{"line":13,"column":57}},"type":"if","locations":[{"start":{"line":13,"column":6},"end":{"line":13,"column":57}},{"start":{},"end":{}}],"line":13},"8":{"loc":{"start":{"line":15,"column":4},"end":{"line":22,"column":5}},"type":"if","locations":[{"start":{"line":15,"column":4},"end":{"line":22,"column":5}},{"start":{},"end":{}}],"line":15},"9":{"loc":{"start":{"line":21,"column":6},"end":{"line":21,"column":54}},"type":"if","locations":[{"start":{"line":21,"column":6},"end":{"line":21,"column":54}},{"start":{},"end":{}}],"line":21},"10":{"loc":{"start":{"line":25,"column":4},"end":{"line":28,"column":55}},"type":"if","locations":[{"start":{"line":25,"column":4},"end":{"line":28,"column":55}},{"start":{"line":26,"column":9},"end":{"line":28,"column":55}}],"line":25},"11":{"loc":{"start":{"line":26,"column":9},"end":{"line":28,"column":55}},"type":"if","locations":[{"start":{"line":26,"column":9},"end":{"line":28,"column":55}},{"start":{"line":27,"column":9},"end":{"line":28,"column":55}}],"line":26},"12":{"loc":{"start":{"line":27,"column":9},"end":{"line":28,"column":55}},"type":"if","locations":[{"start":{"line":27,"column":9},"end":{"line":28,"column":55}},{"start":{"line":28,"column":9},"end":{"line":28,"column":55}}],"line":27},"13":{"loc":{"start":{"line":28,"column":9},"end":{"line":28,"column":55}},"type":"if","locations":[{"start":{"line":28,"column":9},"end":{"line":28,"column":55}},{"start":{},"end":{}}],"line":28},"14":{"loc":{"start":{"line":45,"column":4},"end":{"line":45,"column":78}},"type":"if","locations":[{"start":{"line":45,"column":4},"end":{"line":45,"column":78}},{"start":{},"end":{}}],"line":45},"15":{"loc":{"start":{"line":64,"column":4},"end":{"line":64,"column":78}},"type":"if","locations":[{"start":{"line":64,"column":4},"end":{"line":64,"column":78}},{"start":{},"end":{}}],"line":64},"16":{"loc":{"start":{"line":74,"column":4},"end":{"line":74,"column":78}},"type":"if","locations":[{"start":{"line":74,"column":4},"end":{"line":74,"column":78}},{"start":{},"end":{}}],"line":74},"17":{"loc":{"start":{"line":92,"column":4},"end":{"line":94,"column":5}},"type":"if","locations":[{"start":{"line":92,"column":4},"end":{"line":94,"column":5}},{"start":{},"end":{}}],"line":92},"18":{"loc":{"start":{"line":104,"column":4},"end":{"line":106,"column":5}},"type":"if","locations":[{"start":{"line":104,"column":4},"end":{"line":106,"column":5}},{"start":{},"end":{}}],"line":104},"19":{"loc":{"start":{"line":104,"column":8},"end":{"line":104,"column":51}},"type":"binary-expr","locations":[{"start":{"line":104,"column":8},"end":{"line":104,"column":29}},{"start":{"line":104,"column":33},"end":{"line":104,"column":51}}],"line":104}},"s":{"0":1,"1":1,"2":11,"3":11,"4":11,"5":11,"6":1,"7":11,"8":1,"9":11,"10":1,"11":1,"12":1,"13":1,"14":1,"15":11,"16":1,"17":1,"18":3,"19":3,"20":1,"21":1,"22":11,"23":11,"24":1,"25":10,"26":1,"27":9,"28":1,"29":8,"30":1,"31":11,"32":11,"33":10,"34":1,"35":1,"36":2,"37":2,"38":2,"39":1,"40":1,"41":0,"42":1,"43":1,"44":1,"45":1,"46":0,"47":1,"48":2,"49":2,"50":2,"51":1,"52":1,"53":0,"54":1,"55":1,"56":1,"57":1,"58":0,"59":1,"60":0,"61":1,"62":2,"63":2,"64":2,"65":4,"66":2,"67":2,"68":2,"69":1,"70":1,"71":0,"72":1,"73":2,"74":2,"75":2,"76":1,"77":1,"78":2,"79":1,"80":1,"81":0},"f":{"0":11,"1":3,"2":3,"3":2,"4":1,"5":2,"6":1,"7":2,"8":4,"9":2,"10":2},"b":{"0":[10],"1":[10],"2":[1,10],"3":[1,10],"4":[1,10],"5":[11,10],"6":[1,0],"7":[1,0],"8":[1,10],"9":[1,0],"10":[1,10],"11":[1,9],"12":[1,8],"13":[1,7],"14":[1,1],"15":[1,1],"16":[0,1],"17":[1,1],"18":[1,1],"19":[2,1]},"_coverageSchema":"1a1c01bbd47fc00a2c39e90264f33305004495a9","hash":"767c60df939bda61ff906754a3b66e768aa5df12"}
[...]
{"line":11,"column":0},"end":{"line":11,"column":24}},"9":{"start":{"line":13,"column":0},"end":{"line":13,"column":34}},"10":{"start":{"line":15,"column":0},"end":{"line":26,"column":3}},"11":{"start":{"line":16,"column":2},"end":{"line":25,"column":5}},"12":{"start":{"line":28,"column":0},"end":{"line":36,"column":5}},"13":{"start":{"line":30,"column":4},"end":{"line":30,"column":54}},"14":{"start":{"line":31,"column":4},"end":{"line":31,"column":80}},"15":{"start":{"line":31,"column":27},"end":{"line":31,"column":78}},"16":{"start":{"line":34,"column":4},"end":{"line":34,"column":60}},"17":{"start":{"line":35,"column":4},"end":{"line":35,"column":20}}},"fnMap":{"0":{"name":"(anonymous_0)","decl":{"start":{"line":15,"column":19},"end":{"line":15,"column":20}},"loc":{"start":{"line":15,"column":33},"end":{"line":26,"column":1}},"line":15},"1":{"name":"(anonymous_1)","decl":{"start":{"line":29,"column":8},"end":{"line":29,"column":9}},"loc":{"start":{"line":29,"column":14},"end":{"line":32,"column":3}},"line":29},"2":{"name":"(anonymous_2)","decl":{"start":{"line":31,"column":21},"end":{"line":31,"column":22}},"loc":{"start":{"line":31,"column":27},"end":{"line":31,"column":78}},"line":31},"3":{"name":"(anonymous_3)","decl":{"start":{"line":33,"column":9},"end":{"line":33,"column":10}},"loc":{"start":{"line":33,"column":18},"end":{"line":36,"column":3}},"line":33}},"branchMap":{"0":{"loc":{"start":{"line":8,"column":13},"end":{"line":8,"column":37}},"type":"binary-expr","locations":[{"start":{"line":8,"column":13},"end":{"line":8,"column":29}},{"start":{"line":8,"column":33},"end":{"line":8,"column":37}}],"line":8},"1":{"loc":{"start":{"line":23,"column":13},"end":{"line":23,"column":80}},"type":"cond-expr","locations":[{"start":{"line":23,"column":52},"end":{"line":23,"column":63}},{"start":{"line":23,"column":66},"end":{"line":23,"column":80}}],"line":23}},"s":{"0":0,"1":0,"2":0,"3":0,"4":0,"5":0,"6":0,"7":0,"8":0,"9":0,"10":0,"11":0,"12":0,"13":0,"14":0,"15":0,"16":0,"17":0},"f":{"0":0,"1":0,"2":0,"3":0},"b":{"0":[0,0],"1":[0,0]}}
,"/mnt/01DCB5F3E4E5D460/Aravind/void-tech-e-commerce/backend/user-service/src/seed.js": {"path":"/mnt/01DCB5F3E4E5D460/Aravind/void-tech-e-commerce/backend/user-service/src/seed.js","statementMap":{"0":{"start":{"line":1,"column":0},"end":{"line":1,"column":27}},"1":{"start":{"line":2,"column":17},"end":{"line":2,"column":36}},"2":{"start":{"line":3,"column":13},"end":{"line":3,"column":37}},"3":{"start":{"line":6,"column":2},"end":{"line":14,"column":3}},"4":{"start":{"line":6,"column":15},"end":{"line":6,"column":16}},"5":{"start":{"line":7,"column":4},"end":{"line":13,"column":5}},"6":{"start":{"line":8,"column":6},"end":{"line":8,"column":88}},"7":{"start":{"line":9,"column":6},"end":{"line":9,"column":13}},"8":{"start":{"line":11,"column":6},"end":{"line":11,"column":70}},"9":{"start":{"line":12,"column":6},"end":{"line":12,"column":55}},"10":{"start":{"line":12,"column":31},"end":{"line":12,"column":53}},"11":{"start":{"line":15,"column":2},"end":{"line":15,"column":57}},"12":{"start":{"line":19,"column":2},"end":{"line":50,"column":3}},"13":{"start":{"line":20,"column":4},"end":{"line":20,"column":29}},"14":{"start":{"line":22,"column":21},"end":{"line":22,"column":48}},"15":{"start":{"line":23,"column":4},"end":{"line":26,"column":5}},"16":{"start":{"line":24,"column":6},"end":{"line":24,"column":76}},"17":{"start":{"line":25,"column":6},"end":{"line":25,"column":22}},"18":{"start":{"line":28,"column":18},"end":{"line":35,"column":6}},"19":{"start":{"line":36,"column":17},"end":{"line":43,"column":6}},"20":{"start":{"line":44,"column":4},"end":{"line":44,"column":68}},"21":{"start":{"line":45,"column":4},"end":{"line":45,"column":65}},"22":{"start":{"line":46,"column":4},"end":{"line":46,"column":20}},"23":{"start":{"line":48,"column":4},"end":{"line":48,"column":40}},"24":{"start":{"line":49,"column":4},"end":{"line":49,"column":20}},"25":{"start":{"line":53,"column":0},"end":{"line":53,"column":7}}},"fnMap":{"0":{"name":"connectWithRetry","decl":{"start":{"line":5,"column":15},"end":{"line":5,"column":31}},"loc":{"start":{"line":5,"column":62},"end":{"line":16,"column":1}},"line":5},"1":{"name":"(anonymous_1)","decl":{"start":{"line":12,"column":24},"end":{"line":12,"column":25}},"loc":{"start":{"line":12,"column":31},"end":{"line":12,"column":53}},"line":12},"2":{"name":"seed","decl":{"start":{"line":18,"column":15},"end":{"line":18,"column":19}},"loc":{"start":{"line":18,"column":22},"end":{"line":51,"column":1}},"line":18}},"branchMap":{"0":{"loc":{"start":{"line":5,"column":32},"end":{"line":5,"column":44}},"type":"default-arg","locations":[{"start":{"line":5,"column":42},"end":{"line":5,"column":44}}],"line":5},"1":{"loc":{"start":{"line":5,"column":46},"end":{"line":5,"column":60}},"type":"default-arg","locations":[{"start":{"line":5,"column":56},"end":{"line":5,"column":60}}],"line":5},"2":{"loc":{"start":{"line":23,"column":4},"end":{"line":26,"column":5}},"type":"if","locations":[{"start":{"line":23,"column":4},"end":{"line":26,"column":5}},{"start":{},"end":{}}],"line":23}},"s":{"0":0,"1":0,"2":0,"3":0,"4":0,"5":0,"6":0,"7":0,"8":0,"9":0,"10":0,"11":0,"12":0,"13":0,"14":0,"15":0,"16":0,"17":0,"18":0,"19":0,"20":0,"21":0,"22":0,"23":0,"24":0,"25":0},"f":{"0":0,"1":0,"2":0},"b":{"0":[0],"1":[0],"2":[0,0]}}
,"/mnt/01DCB5F3E4E5D460/Aravind/void-tech-e-commerce/backend/user-service/src/controllers/authController.js": {"path":"/mnt/01DCB5F3E4E5D460/Aravind/void-tech-e-commerce/backend/user-service/src/controllers/authController.js","statementMap":{"0":{"start":{"line":1,"column":12},"end":{"line":1,"column":35}},"1":{"start":{"line":2,"column":13},"end":{"line":2,"column":38}},"2":{"start":{"line":4,"column":22},"end":{"line":10,"column":1}},"3":{"start":{"line":5,"column":2},"end":{"line":9,"column":4}},"4":{"start":{"line":12,"column":0},"end":{"line":28,"column":2}},"5":{"start":{"line":13,"column":2},"end":{"line":27,"column":3}},"6":{"start":{"line":14,"column":38},"end":{"line":14,"column":46}},"7":{"start":{"line":15,"column":4},"end":{"line":17,"column":5}},"8":{"start":{"line":16,"column":6},"end":{"line":16,"column":87}},"9":{"start":{"line":18,"column":21},"end":{"line":18,"column":50}},"10":{"start":{"line":19,"column":4},"end":{"line":21,"column":5}},"11":{"start":{"line":20,"column":6},"end":{"line":20,"column":73}},"12":{"start":{"line":22,"column":17},"end":{"line":22,"column":61}},"13":{"start":{"line":23,"column":18},"end":{"line":23,"column":37}},"14":{"start":{"line":24,"column":4},"end":{"line":24,"column":42}},"15":{"start":{"line":26,"column":4},"end":{"line":26,"column":49}},"16":{"start":{"line":30,"column":0},"end":{"line":45,"column":2}},"17":{"start":{"line":31,"column":2},"end":{"line":44,"column":3}},"18":{"start":{"line":32,"column":32},"end":{"line":32,"column":40}},"19":{"start":{"line":33,"column":4},"end":{"line":35,"column":5}},"20":{"start":{"line":34,"column":6},"end":{"line":34,"column":80}},"21":{"start":{"line":36,"column":17},"end":{"line":36,"column":46}},"22":{"start":{"line":37,"column":4},"end":{"line":39,"column":5}},"23":{"start":{"line":38,"column":6},"end":{"line":38,"column":74}},"24":{"start":{"line":40,"column":18},"end":{"line":40,"column":37}},"25":{"start":{"line":41,"column":4},"end":{"line":41,"column":30}},"26":{"start":{"line":43,"column":4},"end":{"line":43,"column":49}},"27":{"start":{"line":47,"column":0},"end":{"line":55,"column":2}},"28":{"start":{"line":48,"column":2},"end":{"line":54,"column":3}},"29":{"start":{"line":49,"column":17},"end":{"line":49,"column":49}},"30":{"start":{"line":50,"column":4},"end":{"line":50,"column":72}},"31":{"start":{"line":50,"column":15},"end":{"line":50,"column":72}},"32":{"start":{"line":51,"column":4},"end":{"line":51,"column":23}},"33":{"start":{"line":53,"column":4},"end":{"line":53,"column":49}},"34":{"start":{"line":57,"column":0},"end":{"line":64,"column":2}},"35":{"start":{"line":58,"column":2},"end":{"line":63,"column":3}},"36":{"start":{"line":59,"column":18},"end":{"line":59,"column":59}},"37":{"start":{"line":60,"column":4},"end":{"line":60,"column":24}},"38":{"start":{"line":62,"column":4},"end":{"line":62,"column":49}},"39":{"start":{"line":66,"column":0},"end":{"line":74,"column":2}},"40":{"start":{"line":67,"column":2},"end":{"line":73,"column":3}},"41":{"start":{"line":68,"column":17},"end":{"line":68,"column":51}},"42":{"start":{"line":69,"column":4},"end":{"line":69,"column":72}},"43":{"start":{"line":69,"column":15},"end":{"line":69,"column":72}},"44":{"start":{"line":70,"column":4},"end":{"line":70,"column":23}},"45":{"start":{"line":72,"column":4},"end":{"line":72,"column":49}},"46":{"start":{"line":76,"column":0},"end":{"line":89,"column":2}},"47":{"start":{"line":77,"column":2},"end":{"line":88,"column":3}},"48":{"start":{"line":78,"column":20},"end":{"line":78,"column":56}},"49":{"start":{"line":79,"column":20},"end":{"line":79,"column":22}},"50":{"start":{"line":80,"column":4},"end":{"line":82,"column":5}},"51":{"start":{"line":81,"column":6},"end":{"line":81,"column":68}},"52":{"start":{"line":81,"column":39},"end":{"line":81,"column":68}},"53":{"start":{"line":83,"column":17},"end":{"line":83,"column":84}},"54":{"start":{"line":84,"column":4},"end":{"line":84,"column":72}},"55":{"start":{"line":84,"column":15},"end":{"line":84,"column":72}},"56":{"start":{"line":85,"column":4},"end":{"line":85,"column":23}},"57":{"start":{"line":87,"column":4},"end":{"line":87,"column":49}},"58":{"start":{"line":91,"column":0},"end":{"line":99,"column":2}},"59":{"start":{"line":92,"column":2},"end":{"line":98,"column":3}},"60":{"start":{"line":93,"column":17},"end":{"line":93,"column":60}},"61":{"start":{"line":94,"column":4},"end":{"line":94,"column":72}},"62":{"start":{"line":94,"column":15},"end":{"line":94,"column":72}},"63":{"start":{"line":95,"column":4},"end":{"line":95,"column":42}},"64":{"start":{"line":97,"column":4},"end":{"line":97,"column":49}},"65":{"start":{"line":101,"column":0},"end":{"line":114,"column":2}},"66":{"start":{"line":102,"column":2},"end":{"line":113,"column":3}},"67":{"start":{"line":103,"column":20},"end":{"line":103,"column":48}},"68":{"start":{"line":104,"column":20},"end":{"line":104,"column":22}},"69":{"start":{"line":105,"column":4},"end":{"line":107,"column":5}},"70":{"start":{"line":106,"column":6},"end":{"line":106,"column":68}},"71":{"start":{"line":106,"column":39},"end":{"line":106,"column":68}},"72":{"start":{"line":108,"column":17},"end":{"line":108,"column":82}},"73":{"start":{"line":109,"column":4},"end":{"line":109,"column":72}},"74":{"start":{"line":109,"column":15},"end":{"line":109,"column":72}},"75":{"start":{"line":110,"column":4},"end":{"line":110,"column":23}},"76":{"start":{"line":112,"column":4},"end":{"line":112,"column":49}}},"fnMap":{"0":{"name":"(anonymous_0)","decl":{"start":{"line":4,"column":22},"end":{"line":4,"column":23}},"loc":{"start":{"line":4,"column":32},"end":{"line":10,"column":1}},"line":4},"1":{"name":"(anonymous_1)","decl":{"start":{"line":12,"column":19},"end":{"line":12,"column":20}},"loc":{"start":{"line":12,"column":39},"end":{"line":28,"column":1}},"line":12},"2":{"name":"(anonymous_2)","decl":{"start":{"line":30,"column":16},"end":{"line":30,"column":17}},"loc":{"start":{"line":30,"column":36},"end":{"line":45,"column":1}},"line":30},"3":{"name":"(anonymous_3)","decl":{"start":{"line":47,"column":21},"end":{"line":47,"column":22}},"loc":{"start":{"line":47,"column":41},"end":{"line":55,"column":1}},"line":47},"4":{"name":"(anonymous_4)","decl":{"start":{"line":57,"column":20},"end":{"line":57,"column":21}},"loc":{"start":{"line":57,"column":40},"end":{"line":64,"column":1}},"line":57},"5":{"name":"(anonymous_5)","decl":{"start":{"line":66,"column":18},"end":{"line":66,"column":19}},"loc":{"start":{"line":66,"column":38},"end":{"line":74,"column":1}},"line":66},"6":{"name":"(anonymous_6)","decl":{"start":{"line":76,"column":21},"end":{"line":76,"column":22}},"loc":{"start":{"line":76,"column":41},"end":{"line":89,"column":1}},"line":76},"7":{"name":"(anonymous_7)","decl":{"start":{"line":91,"column":21},"end":{"line":91,"column":22}},"loc":{"start":{"line":91,"column":41},"end":{"line":99,"column":1}},"line":91},"8":{"name":"(anonymous_8)","decl":{"start":{"line":101,"column":24},"end":{"line":101,"column":25}},"loc":{"start":{"line":101,"column":44},"end":{"line":114,"column":1}},"line":101}},"branchMap":{"0":{"loc":{"start":{"line":8,"column":17},"end":{"line":8,"column":51}},"type":"binary-expr","locations":[{"start":{"line":8,"column":17},"end":{"line":8,"column":43}},{"start":{"line":8,"column":47},"end":{"line":8,"column":51}}],"line":8},"1":{"loc":{"start":{"line":15,"column":4},"end":{"line":17,"column":5}},"type":"if","locations":[{"start":{"line":15,"column":4},"end":{"line":17,"column":5}},{"start":{},"end":{}}],"line":15},"2":{"loc":{"start":{"line":15,"column":8},"end":{"line":15,"column":36}},"type":"binary-expr","locations":[{"start":{"line":15,"column":8},"end":{"line":15,"column":13}},{"start":{"line":15,"column":17},"end":{"line":15,"column":23}},{"start":{"line":15,"column":27},"end":{"line":15,"column":36}}],"line":15},"3":{"loc":{"start":{"line":19,"column":4},"end":{"line":21,"column":5}},"type":"if","locations":[{"start":{"line":19,"column":4},"end":{"line":21,"column":5}},{"start":{},"end":{}}],"line":19},"4":{"loc":{"start":{"line":33,"column":4},"end":{"line":35,"column":5}},"type":"if","locations":[{"start":{"line":33,"column":4},"end":{"line":35,"column":5}},{"start":{},"end":{}}],"line":33},"5":{"loc":{"start":{"line":33,"column":8},"end":{"line":33,"column":27}},"type":"binary-expr","locations":[{"start":{"line":33,"column":8},"end":{"line":33,"column":14}},{"start":{"line":33,"column":18},"end":{"line":33,"column":27}}],"line":33},"6":{"loc":{"start":{"line":37,"column":4},"end":{"line":39,"column":5}},"type":"if","locations":[{"start":{"line":37,"column":4},"end":{"line":39,"column":5}},{"start":{},"end":{}}],"line":37},"7":{"loc":{"start":{"line":37,"column":8},"end":{"line":37,"column":56}},"type":"binary-expr","locations":[{"start":{"line":37,"column":8},"end":{"line":37,"column":13}},{"start":{"line":37,"column":17},"end":{"line":37,"column":56}}],"line":37},"8":{"loc":{"start":{"line":50,"column":4},"end":{"line":50,"column":72}},"type":"if","locations":[{"start":{"line":50,"column":4},"end":{"line":50,"column":72}},{"start":{},"end":{}}],"line":50},"9":{"loc":{"start":{"line":69,"column":4},"end":{"line":69,"column":72}},"type":"if","locations":[{"start":{"line":69,"column":4},"end":{"line":69,"column":72}},{"start":{},"end":{}}],"line":69},"10":{"loc":{"start":{"line":81,"column":6},"end":{"line":81,"column":68}},"type":"if","locations":[{"start":{"line":81,"column":6},"end":{"line":81,"column":68}},{"start":{},"end":{}}],"line":81},"11":{"loc":{"start":{"line":84,"column":4},"end":{"line":84,"column":72}},"type":"if","locations":[{"start":{"line":84,"column":4},"end":{"line":84,"column":72}},{"start":{},"end":{}}],"line":84},"12":{"loc":{"start":{"line":94,"column":4},"end":{"line":94,"column":72}},"type":"if","locations":[{"start":{"line":94,"column":4},"end":{"line":94,"column":72}},{"start":{},"end":{}}],"line":94},"13":{"loc":{"start":{"line":106,"column":6},"end":{"line":106,"column":68}},"type":"if","locations":[{"start":{"line":106,"column":6},"end":{"line":106,"column":68}},{"start":{},"end":{}}],"line":106},"14":{"loc":{"start":{"line":109,"column":4},"end":{"line":109,"column":72}},"type":"if","locations":[{"start":{"line":109,"column":4},"end":{"line":109,"column":72}},{"start":{},"end":{}}],"line":109}},"s":{"0":1,"1":1,"2":1,"3":2,"4":1,"5":3,"6":3,"7":3,"8":1,"9":2,"10":2,"11":1,"12":1,"13":1,"14":1,"15":0,"16":1,"17":4,"18":4,"19":4,"20":1,"21":3,"22":3,"23":2,"24":1,"25":1,"26":0,"27":1,"28":2,"29":2,"30":2,"31":1,"32":1,"33":0,"34":1,"35":1,"36":1,"37":1,"38":0,"39":1,"40":2,"41":2,"42":2,"43":1,"44":1,"45":0,"46":1,"47":1,"48":1,"49":1,"50":1,"51":4,"52":2,"53":1,"54":1,"55":0,"56":1,"57":0,"58":1,"59":2,"60":2,"61":2,"62":1,"63":1,"64":0,"65":1,"66":2,"67":2,"68":2,"69":2,"70":6,"71":2,"72":2,"73":2,"74":1,"75":1,"76":0},"f":{"0":2,"1":3,"2":4,"3":2,"4":1,"5":2,"6":1,"7":2,"8":2},"b":{"0":[2,0],"1":[1,2],"2":[3,3,2],"3":[1,1],"4":[1,3],"5":[4,4],"6":[2,1],"7":[3,2],"8":[1,1],"9":[1,1],"10":[2,2],"11":[0,1],"12":[1,1],"13":[2,4],"14":[1,1]},"_coverageSchema":"1a1c01bbd47fc00a2c39e90264f33305004495a9","hash":"d4bf1caee0b18f1a6446cf29022c907c1948e6fc"}
,"/mnt/01DCB5F3E4E5D460/Aravind/void-tech-e-commerce/backend/user-service/src/models/User.js": {"path":"/mnt/01DCB5F3E4E5D460/Aravind/void-tech-e-commerce/backend/user-service/src/models/User.js","statementMap":{"0":{"start":{"line":1,"column":17},"end":{"line":1,"column":36}},"1":{"start":{"line":2,"column":15},"end":{"line":2,"column":34}},"2":{"start":{"line":4,"column":19},"end":{"line":11,"column":24}},"3":{"start":{"line":13,"column":0},"end":{"line":17,"column":3}},"4":{"start":{"line":14,"column":2},"end":{"line":14,"column":50}},"5":{"start":{"line":14,"column":36},"end":{"line":14,"column":50}},"6":{"start":{"line":15,"column":2},"end":{"line":15,"column":55}},"7":{"start":{"line":16,"column":2},"end":{"line":16,"column":9}},"8":{"start":{"line":19,"column":0},"end":{"line":21,"column":2}},"9":{"start":{"line":20,"column":2},"end":{"line":20,"column":58}},"10":{"start":{"line":23,"column":0},"end":{"line":27,"column":2}},"11":{"start":{"line":24,"column":14},"end":{"line":24,"column":29}},"12":{"start":{"line":25,"column":2},"end":{"line":25,"column":22}},"13":{"start":{"line":26,"column":2},"end":{"line":26,"column":13}},"14":{"start":{"line":29,"column":0},"end":{"line":29,"column":52}}},"fnMap":{"0":{"name":"(anonymous_0)","decl":{"start":{"line":13,"column":23},"end":{"line":13,"column":24}},"loc":{"start":{"line":13,"column":45},"end":{"line":17,"column":1}},"line":13},"1":{"name":"(anonymous_1)","decl":{"start":{"line":19,"column":37},"end":{"line":19,"column":38}},"loc":{"start":{"line":19,"column":72},"end":{"line":21,"column":1}},"line":19},"2":{"name":"(anonymous_2)","decl":{"start":{"line":23,"column":28},"end":{"line":23,"column":29}},"loc":{"start":{"line":23,"column":40},"end":{"line":27,"column":1}},"line":23}},"branchMap":{"0":{"loc":{"start":{"line":14,"column":2},"end":{"line":14,"column":50}},"type":"if","locations":[{"start":{"line":14,"column":2},"end":{"line":14,"column":50}},{"start":{},"end":{}}],"line":14}},"s":{"0":1,"1":1,"2":1,"3":1,"4":0,"5":0,"6":0,"7":0,"8":1,"9":0,"10":1,"11":0,"12":0,"13":0,"14":1},"f":{"0":0,"1":0,"2":0},"b":{"0":[0,0]},"_coverageSchema":"1a1c01bbd47fc00a2c39e90264f33305004495a9","hash":"37c161092725c94973364bcb2c441a90b5be6cb2"}
,"/mnt/01DCB5F3E4E5D460/Aravind/void-tech-e-commerce/backend/user-service/src/routes/auth.js": {"path":"/mnt/01DCB5F3E4E5D460/Aravind/void-tech-e-commerce/backend/user-service/src/routes/auth.js","statementMap":{"0":{"start":{"line":1,"column":19},"end":{"line":1,"column":37}},"1":{"start":{"line":2,"column":36},"end":{"line":2,"column":78}},"2":{"start":{"line":6,"column":4},"end":{"line":6,"column":44}},"3":{"start":{"line":8,"column":15},"end":{"line":8,"column":23}},"4":{"start":{"line":10,"column":0},"end":{"line":10,"column":35}},"5":{"start":{"line":11,"column":0},"end":{"line":11,"column":29}},"6":{"start":{"line":12,"column":0},"end":{"line":12,"column":49}},"7":{"start":{"line":13,"column":0},"end":{"line":13,"column":54}},"8":{"start":{"line":15,"column":0},"end":{"line":15,"column":52}},"9":{"start":{"line":16,"column":0},"end":{"line":16,"column":53}},"10":{"start":{"line":17,"column":0},"end":{"line":17,"column":58}},"11":{"start":{"line":18,"column":0},"end":{"line":18,"column":59}},"12":{"start":{"line":20,"column":0},"end":{"line":20,"column":24}}},"fnMap":{},"branchMap":{},"s":{"0":0,"1":0,"2":0,"3":0,"4":0,"5":0,"6":0,"7":0,"8":0,"9":0,"10":0,"11":0,"12":0},"f":{},"b":{}}
}
