TN:
SF:cart-service/src/index.js
FN:15,(anonymous_0)
FN:29,(anonymous_1)
FN:31,(anonymous_2)
FN:33,(anonymous_3)
FNF:4
FNH:0
FNDA:0,(anonymous_0)
FNDA:0,(anonymous_1)
FNDA:0,(anonymous_2)
FNDA:0,(anonymous_3)
DA:1,0
DA:2,0
DA:3,0
DA:4,0
DA:5,0
DA:7,0
DA:8,0
DA:10,0
DA:11,0
DA:13,0
DA:15,0
DA:16,0
DA:28,0
DA:30,0
DA:31,0
DA:34,0
DA:35,0
LF:17
LH:0
BRDA:8,0,0,0
BRDA:8,0,1,0
BRDA:23,1,0,0
BRDA:23,1,1,0
BRF:4
BRH:0
end_of_record
TN:
SF:cart-service/src/controllers/cartController.js
FN:6,toPlainCart
FN:12,(anonymous_1)
FN:20,(anonymous_2)
FN:27,(anonymous_3)
FN:38,(anonymous_4)
FN:49,(anonymous_5)
FN:56,(anonymous_6)
FN:62,(anonymous_7)
FN:66,(anonymous_8)
FN:73,(anonymous_9)
FN:87,(anonymous_10)
FN:95,(anonymous_11)
FN:102,(anonymous_12)
FN:111,populateProducts
FN:113,(anonymous_14)
FNF:15
FNH:15
FNDA:8,toPlainCart
FNDA:3,(anonymous_1)
FNDA:2,(anonymous_2)
FNDA:4,(anonymous_3)
FNDA:2,(anonymous_4)
FNDA:4,(anonymous_5)
FNDA:3,(anonymous_6)
FNDA:3,(anonymous_7)
FNDA:1,(anonymous_8)
FNDA:5,(anonymous_9)
FNDA:1,(anonymous_10)
FNDA:1,(anonymous_11)
FNDA:1,(anonymous_12)
FNDA:8,populateProducts
FNDA:8,(anonymous_14)
DA:1,1
DA:2,1
DA:4,1
DA:7,8
DA:8,8
DA:9,8
DA:12,1
DA:13,3
DA:14,3
DA:15,3
DA:16,1
DA:18,2
DA:19,2
DA:20,2
DA:21,2
DA:23,0
DA:27,1
DA:28,4
DA:29,4
DA:30,4
DA:32,3
DA:33,3
DA:34,1
DA:37,3
DA:38,2
DA:40,3
DA:41,1
DA:43,2
DA:46,3
DA:47,3
DA:48,3
DA:49,4
DA:50,3
DA:52,0
DA:56,1
DA:57,3
DA:58,3
DA:59,3
DA:60,3
DA:62,3
DA:63,2
DA:64,2
DA:65,2
DA:66,2
DA:67,2
DA:69,0
DA:73,1
DA:74,5
DA:75,5
DA:76,5
DA:77,5
DA:78,1
DA:80,4
DA:81,1
DA:83,3
DA:84,3
DA:86,2
DA:87,1
DA:89,2
DA:91,1
DA:92,1
DA:93,1
DA:94,1
DA:95,1
DA:96,1
DA:98,0
DA:102,1
DA:103,1
DA:104,1
DA:105,1
DA:107,0
DA:112,8
DA:113,8
DA:114,7
DA:115,7
DA:116,7
DA:120,6
DA:121,6
DA:123,1
DA:125,7
DA:126,8
LF:81
LH:76
BRDA:4,0,0,1
BRDA:4,0,1,1
BRDA:7,1,0,0
BRDA:7,1,1,8
BRDA:8,2,0,8
BRDA:8,2,1,0
BRDA:15,3,0,1
BRDA:15,3,1,2
BRDA:20,4,0,2
BRDA:20,4,1,1
BRDA:29,5,0,0
BRDA:30,6,0,1
BRDA:30,6,1,3
BRDA:33,7,0,1
BRDA:33,7,1,2
BRDA:38,8,0,2
BRDA:38,8,1,2
BRDA:38,9,0,2
BRDA:38,9,1,0
BRDA:40,10,0,1
BRDA:40,10,1,2
BRDA:49,11,0,4
BRDA:49,11,1,3
BRDA:60,12,0,1
BRDA:60,12,1,2
BRDA:62,13,0,3
BRDA:62,13,1,3
BRDA:66,14,0,1
BRDA:66,14,1,1
BRDA:77,15,0,1
BRDA:77,15,1,4
BRDA:77,16,0,5
BRDA:77,16,1,5
BRDA:80,17,0,1
BRDA:80,17,1,3
BRDA:84,18,0,1
BRDA:84,18,1,2
BRDA:87,19,0,1
BRDA:87,19,1,0
BRDA:89,20,0,1
BRDA:89,20,1,1
BRDA:95,21,0,1
BRDA:95,21,1,1
BRDA:112,22,0,1
BRDA:112,22,1,7
BRDA:112,23,0,8
BRDA:112,23,1,8
BRDA:120,24,0,6
BRDA:120,24,1,0
BRDA:126,25,0,8
BRDA:126,25,1,6
BRF:51
BRH:45
end_of_record
TN:
SF:cart-service/src/models/Cart.js
FNF:0
FNH:0
DA:1,1
DA:3,1
DA:9,1
DA:14,1
LF:4
LH:4
BRF:0
BRH:0
end_of_record
TN:
SF:cart-service/src/routes/cart.js
FNF:0
FNH:0
DA:1,0
DA:2,0
DA:3,0
DA:5,0
DA:7,0
DA:8,0
DA:9,0
DA:10,0
DA:11,0
DA:13,0
LF:10
LH:0
BRF:0
BRH:0
end_of_record
TN:
SF:gateway/src/index.js
FN:18,(anonymous_0)
FN:32,(anonymous_1)
FN:33,(anonymous_2)
FN:35,(anonymous_3)
FN:36,(anonymous_4)
FN:37,(anonymous_5)
FN:39,(anonymous_6)
FN:41,(anonymous_7)
FN:61,(anonymous_8)
FNF:9
FNH:7
FNDA:5,(anonymous_0)
FNDA:2,(anonymous_1)
FNDA:1,(anonymous_2)
FNDA:1,(anonymous_3)
FNDA:1,(anonymous_4)
FNDA:1,(anonymous_5)
FNDA:0,(anonymous_6)
FNDA:1,(anonymous_7)
FNDA:0,(anonymous_8)
DA:1,9
DA:2,9
DA:3,9
DA:4,9
DA:5,9
DA:7,9
DA:8,9
DA:10,9
DA:11,9
DA:12,9
DA:13,9
DA:14,9
DA:16,9
DA:18,9
DA:19,5
DA:20,5
DA:21,1
DA:23,4
DA:24,4
DA:25,4
DA:26,3
DA:28,1
DA:32,9
DA:33,9
DA:35,9
DA:36,9
DA:37,9
DA:39,9
DA:41,9
DA:42,1
DA:60,9
DA:61,0
DA:64,9
LF:33
LH:32
BRDA:8,0,0,9
BRDA:8,0,1,9
BRDA:10,1,0,9
BRDA:10,1,1,9
BRDA:11,2,0,9
BRDA:11,2,1,9
BRDA:12,3,0,9
BRDA:12,3,1,9
BRDA:13,4,0,9
BRDA:13,4,1,9
BRDA:14,5,0,9
BRDA:14,5,1,9
BRDA:20,6,0,1
BRDA:20,6,1,4
BRDA:20,7,0,5
BRDA:20,7,1,4
BRDA:60,8,0,0
BRDA:60,8,1,9
BRF:18
BRH:17
end_of_record
TN:
SF:order-service/src/index.js
FN:15,(anonymous_0)
FN:29,(anonymous_1)
FN:31,(anonymous_2)
FN:33,(anonymous_3)
FNF:4
FNH:0
FNDA:0,(anonymous_0)
FNDA:0,(anonymous_1)
FNDA:0,(anonymous_2)
FNDA:0,(anonymous_3)
DA:1,0
DA:2,0
DA:3,0
DA:4,0
DA:5,0
DA:7,0
DA:8,0
DA:10,0
DA:11,0
DA:13,0
DA:15,0
DA:16,0
DA:28,0
DA:30,0
DA:31,0
DA:34,0
DA:35,0
LF:17
LH:0
BRDA:8,0,0,0
BRDA:8,0,1,0
BRDA:23,1,0,0
BRDA:23,1,1,0
BRF:4
BRH:0
end_of_record
TN:
SF:order-service/src/controllers/orderController.js
FN:8,(anonymous_0)
FN:33,(anonymous_1)
FN:42,(anonymous_2)
FN:58,(anonymous_3)
FN:73,(anonymous_4)
FN:88,(anonymous_5)
FN:99,(anonymous_6)
FN:108,(anonymous_7)
FN:118,(anonymous_8)
FN:142,(anonymous_9)
FN:158,(anonymous_10)
FNF:11
FNH:10
FNDA:7,(anonymous_0)
FNDA:4,(anonymous_1)
FNDA:4,(anonymous_2)
FNDA:1,(anonymous_3)
FNDA:4,(anonymous_4)
FNDA:0,(anonymous_5)
FNDA:1,(anonymous_6)
FNDA:2,(anonymous_7)
FNDA:5,(anonymous_8)
FNDA:1,(anonymous_9)
FNDA:1,(anonymous_10)
DA:1,1
DA:2,1
DA:4,1
DA:5,1
DA:6,1
DA:8,1
DA:9,7
DA:10,7
DA:12,7
DA:17,7
DA:18,7
DA:19,1
DA:25,6
DA:26,6
DA:27,2
DA:33,4
DA:42,4
DA:44,4
DA:51,4
DA:59,1
DA:62,4
DA:63,3
DA:64,3
DA:71,4
DA:72,4
DA:73,4
DA:79,2
DA:80,1
DA:82,1
DA:85,2
DA:88,0
DA:90,2
DA:92,0
DA:93,0
DA:95,0
DA:99,1
DA:100,1
DA:101,1
DA:102,1
DA:104,0
DA:108,1
DA:109,2
DA:110,2
DA:111,2
DA:112,1
DA:114,0
DA:118,1
DA:119,5
DA:120,5
DA:121,5
DA:122,5
DA:123,1
DA:125,4
DA:126,4
DA:128,4
DA:129,4
DA:135,4
DA:139,4
DA:140,1
DA:141,1
DA:142,1
DA:144,1
DA:146,0
DA:147,0
DA:151,4
DA:152,4
DA:154,0
DA:158,1
DA:159,1
DA:160,1
DA:161,1
DA:163,0
LF:72
LH:62
BRDA:4,0,0,1
BRDA:4,0,1,1
BRDA:5,1,0,1
BRDA:5,1,1,1
BRDA:6,2,0,1
BRDA:6,2,1,1
BRDA:18,3,0,1
BRDA:18,3,1,6
BRDA:18,4,0,7
BRDA:18,4,1,7
BRDA:26,5,0,2
BRDA:26,5,1,4
BRDA:26,6,0,6
BRDA:26,6,1,5
BRDA:26,6,2,5
BRDA:26,6,3,4
BRDA:34,7,0,4
BRDA:34,7,1,0
BRDA:36,8,0,4
BRDA:36,8,1,0
BRDA:48,9,0,4
BRDA:48,9,1,3
BRDA:62,10,0,3
BRDA:62,10,1,1
BRDA:79,11,0,1
BRDA:79,11,1,1
BRDA:79,12,0,2
BRDA:79,12,1,1
BRDA:80,13,0,1
BRDA:80,13,1,0
BRDA:92,14,0,0
BRDA:92,14,1,0
BRDA:93,15,0,0
BRDA:93,15,1,0
BRDA:111,16,0,1
BRDA:111,16,1,1
BRDA:122,17,0,1
BRDA:122,17,1,4
BRDA:126,18,0,0
BRDA:126,18,1,4
BRDA:135,19,0,4
BRDA:135,19,1,1
BRDA:135,19,2,3
BRDA:135,19,3,2
BRDA:135,19,4,1
BRDA:139,20,0,1
BRDA:139,20,1,3
BRF:47
BRH:39
end_of_record
TN:
SF:order-service/src/models/Order.js
FNF:0
FNH:0
DA:1,1
DA:3,1
DA:12,1
DA:26,1
DA:28,1
LF:5
LH:5
BRF:0
BRH:0
end_of_record
TN:
SF:order-service/src/routes/orders.js
FNF:0
FNH:0
DA:1,0
DA:2,0
DA:3,0
DA:5,0
DA:7,0
DA:8,0
DA:9,0
DA:10,0
DA:11,0
DA:13,0
LF:10
LH:0
BRF:0
BRH:0
end_of_record
TN:
SF:payment-service/src/index.js
FN:19,(anonymous_0)
FN:33,(anonymous_1)
FN:35,(anonymous_2)
FN:37,(anonymous_3)
FNF:4
FNH:0
FNDA:0,(anonymous_0)
FNDA:0,(anonymous_1)
FNDA:0,(anonymous_2)
FNDA:0,(anonymous_3)
DA:1,0
DA:2,0
DA:3,0
DA:4,0
DA:5,0
DA:6,0
DA:8,0
DA:9,0
DA:11,0
DA:13,0
DA:15,0
DA:17,0
DA:19,0
DA:20,0
DA:32,0
DA:34,0
DA:35,0
DA:38,0
DA:39,0
LF:19
LH:0
BRDA:9,0,0,0
BRDA:9,0,1,0
BRDA:27,1,0,0
BRDA:27,1,1,0
BRF:4
BRH:0
end_of_record
TN:
SF:payment-service/src/controllers/paymentController.js
FN:7,getStripe
FN:15,isStripeConfigured
FN:19,(anonymous_2)
FN:72,(anonymous_3)
FN:82,(anonymous_4)
FN:108,(anonymous_5)
FN:118,(anonymous_6)
FNF:7
FNH:4
FNDA:2,getStripe
FNDA:0,isStripeConfigured
FNDA:3,(anonymous_2)
FNDA:2,(anonymous_3)
FNDA:1,(anonymous_4)
FNDA:0,(anonymous_5)
FNDA:0,(anonymous_6)
DA:1,7
DA:2,7
DA:4,7
DA:6,7
DA:8,2
DA:9,2
DA:10,2
DA:11,0
DA:12,0
DA:16,0
DA:19,7
DA:20,3
DA:21,3
DA:22,3
DA:23,1
DA:26,2
DA:27,1
DA:28,1
DA:29,1
DA:37,1
DA:40,1
DA:42,1
DA:43,0
DA:48,0
DA:49,0
DA:51,1
DA:52,1
DA:53,1
DA:56,1
DA:66,1
DA:68,0
DA:72,7
DA:73,2
DA:74,2
DA:75,2
DA:76,1
DA:78,0
DA:82,7
DA:83,1
DA:86,1
DA:87,1
DA:88,1
DA:91,0
DA:92,0
DA:94,0
DA:97,0
DA:99,0
DA:100,0
DA:102,0
DA:106,0
DA:107,0
DA:108,0
DA:109,0
DA:112,0
DA:116,0
DA:117,0
DA:118,0
DA:119,0
DA:123,0
DA:126,0
LF:60
LH:34
BRDA:4,0,0,7
BRDA:4,0,1,7
BRDA:8,1,0,0
BRDA:8,1,1,2
BRDA:10,2,0,2
BRDA:10,2,1,0
BRDA:10,3,0,2
BRDA:10,3,1,0
BRDA:21,4,0,2
BRDA:22,5,0,1
BRDA:22,5,1,2
BRDA:22,6,0,3
BRDA:22,6,1,3
BRDA:26,7,0,1
BRDA:26,7,1,1
BRDA:28,8,0,1
BRDA:28,8,1,0
BRDA:42,9,0,0
BRDA:42,9,1,1
BRDA:62,10,0,1
BRDA:62,10,1,0
BRDA:75,11,0,1
BRDA:75,11,1,1
BRDA:87,12,0,1
BRDA:87,12,1,0
BRDA:100,13,0,0
BRDA:100,13,1,0
BRF:27
BRH:18
end_of_record
TN:
SF:payment-service/src/models/Payment.js
FNF:0
FNH:0
DA:1,1
DA:3,1
DA:17,1
DA:19,1
LF:4
LH:4
BRF:0
BRH:0
end_of_record
TN:
SF:payment-service/src/routes/payments.js
FNF:0
FNH:0
DA:1,0
DA:2,0
DA:3,0
DA:5,0
DA:7,0
DA:8,0
DA:10,0
LF:7
LH:0
BRF:0
BRH:0
end_of_record
TN:
SF:product-service/src/index.js
FN:15,(anonymous_0)
FN:29,(anonymous_1)
FN:31,(anonymous_2)
FN:33,(anonymous_3)
FNF:4
FNH:0
FNDA:0,(anonymous_0)
FNDA:0,(anonymous_1)
FNDA:0,(anonymous_2)
FNDA:0,(anonymous_3)
DA:1,0
DA:2,0
DA:3,0
DA:4,0
DA:5,0
DA:7,0
DA:8,0
DA:10,0
DA:11,0
DA:13,0
DA:15,0
DA:16,0
DA:28,0
DA:30,0
DA:31,0
DA:34,0
DA:35,0
LF:17
LH:0
BRDA:8,0,0,0
BRDA:8,0,1,0
BRDA:23,1,0,0
BRDA:23,1,1,0
BRF:4
BRH:0
end_of_record
TN:
SF:product-service/src/seed.js
FN:87,connectWithRetry
FN:94,(anonymous_1)
FN:100,seed
FNF:3
FNH:0
FNDA:0,connectWithRetry
FNDA:0,(anonymous_1)
FNDA:0,seed
DA:1,0
DA:2,0
DA:3,0
DA:5,0
DA:88,0
DA:89,0
DA:90,0
DA:91,0
DA:93,0
DA:94,0
DA:97,0
DA:101,0
DA:102,0
DA:104,0
DA:105,0
DA:106,0
DA:107,0
DA:110,0
DA:111,0
DA:112,0
DA:114,0
DA:115,0
DA:119,0
LF:23
LH:0
BRDA:87,0,0,0
BRDA:87,1,0,0
BRDA:105,2,0,0
BRDA:105,2,1,0
BRF:4
BRH:0
end_of_record
TN:
SF:product-service/src/controllers/productController.js
FN:3,(anonymous_0)
FN:19,(anonymous_1)
FN:20,(anonymous_2)
FN:42,(anonymous_3)
FN:52,(anonymous_4)
FN:61,(anonymous_5)
FN:71,(anonymous_6)
FN:81,(anonymous_7)
FN:84,(anonymous_8)
FN:101,(anonymous_9)
FN:107,(anonymous_10)
FNF:11
FNH:11
FNDA:11,(anonymous_0)
FNDA:3,(anonymous_1)
FNDA:3,(anonymous_2)
FNDA:2,(anonymous_3)
FNDA:1,(anonymous_4)
FNDA:2,(anonymous_5)
FNDA:1,(anonymous_6)
FNDA:2,(anonymous_7)
FNDA:4,(anonymous_8)
FNDA:2,(anonymous_9)
FNDA:2,(anonymous_10)
DA:1,1
DA:3,1
DA:4,11
DA:5,11
DA:6,11
DA:8,11
DA:9,11
DA:10,11
DA:11,1
DA:12,1
DA:13,1
DA:15,11
DA:16,1
DA:17,1
DA:19,3
DA:20,3
DA:21,1
DA:24,11
DA:25,11
DA:26,10
DA:27,9
DA:28,8
DA:30,11
DA:31,11
DA:36,10
DA:38,1
DA:42,1
DA:43,2
DA:44,2
DA:45,2
DA:46,1
DA:48,0
DA:52,1
DA:53,1
DA:54,1
DA:55,1
DA:57,0
DA:61,1
DA:62,2
DA:63,2
DA:64,2
DA:65,1
DA:67,0
DA:71,1
DA:72,1
DA:73,1
DA:74,1
DA:75,1
DA:77,0
DA:81,1
DA:82,2
DA:83,2
DA:84,4
DA:90,2
DA:91,2
DA:92,2
DA:93,1
DA:95,1
DA:97,0
DA:101,1
DA:102,2
DA:103,2
DA:104,2
DA:105,1
DA:107,2
DA:113,1
DA:114,1
DA:116,0
LF:68
LH:62
BRDA:5,0,0,10
BRDA:5,1,0,10
BRDA:8,2,0,1
BRDA:8,2,1,10
BRDA:9,3,0,1
BRDA:9,3,1,10
BRDA:10,4,0,1
BRDA:10,4,1,10
BRDA:10,5,0,11
BRDA:10,5,1,10
BRDA:12,6,0,1
BRDA:12,6,1,0
BRDA:13,7,0,1
BRDA:13,7,1,0
BRDA:15,8,0,1
BRDA:15,8,1,10
BRDA:21,9,0,1
BRDA:21,9,1,0
BRDA:25,10,0,1
BRDA:25,10,1,10
BRDA:26,11,0,1
BRDA:26,11,1,9
BRDA:27,12,0,1
BRDA:27,12,1,8
BRDA:28,13,0,1
BRDA:28,13,1,7
BRDA:45,14,0,1
BRDA:45,14,1,1
BRDA:64,15,0,1
BRDA:64,15,1,1
BRDA:74,16,0,0
BRDA:74,16,1,1
BRDA:92,17,0,1
BRDA:92,17,1,1
BRDA:104,18,0,1
BRDA:104,18,1,1
BRDA:104,19,0,2
BRDA:104,19,1,1
BRF:38
BRH:34
end_of_record
TN:
SF:product-service/src/models/Product.js
FNF:0
FNH:0
DA:1,1
DA:3,1
DA:8,1
DA:27,1
DA:28,1
DA:29,1
DA:31,1
LF:7
LH:7
BRF:0
BRH:0
end_of_record
TN:
SF:product-service/src/routes/products.js
FNF:0
FNH:0
DA:1,0
DA:2,0
DA:6,0
DA:8,0
DA:10,0
DA:11,0
DA:12,0
DA:13,0
DA:14,0
DA:15,0
DA:16,0
DA:18,0
LF:12
LH:0
BRF:0
BRH:0
end_of_record
TN:
SF:shared/middleware/auth.js
FN:9,(anonymous_0)
FN:23,(anonymous_1)
FNF:2
FNH:2
FNDA:6,(anonymous_0)
FNDA:3,(anonymous_1)
DA:1,1
DA:3,1
DA:4,0
DA:7,1
DA:9,1
DA:10,6
DA:11,6
DA:12,2
DA:14,4
DA:15,4
DA:16,4
DA:17,1
DA:19,3
DA:23,1
DA:24,3
DA:25,2
DA:27,1
DA:30,1
LF:18
LH:17
BRDA:3,0,0,0
BRDA:3,0,1,1
BRDA:11,1,0,2
BRDA:11,1,1,4
BRDA:11,2,0,6
BRDA:11,2,1,5
BRDA:24,3,0,2
BRDA:24,3,1,1
BRDA:24,4,0,3
BRDA:24,4,1,2
BRF:10
BRH:9
end_of_record
TN:
SF:user-service/src/index.js
FN:15,(anonymous_0)
FN:29,(anonymous_1)
FN:31,(anonymous_2)
FN:33,(anonymous_3)
FNF:4
FNH:0
FNDA:0,(anonymous_0)
FNDA:0,(anonymous_1)
FNDA:0,(anonymous_2)
FNDA:0,(anonymous_3)
DA:1,0
DA:2,0
DA:3,0
DA:4,0
DA:5,0
DA:7,0
DA:8,0
DA:10,0
DA:11,0
DA:13,0
DA:15,0
DA:16,0
DA:28,0
DA:30,0
DA:31,0
DA:34,0
DA:35,0
LF:17
LH:0
BRDA:8,0,0,0
BRDA:8,0,1,0
BRDA:23,1,0,0
BRDA:23,1,1,0
BRF:4
BRH:0
end_of_record
TN:
SF:user-service/src/seed.js
FN:5,connectWithRetry
FN:12,(anonymous_1)
FN:18,seed
FNF:3
FNH:0
FNDA:0,connectWithRetry
FNDA:0,(anonymous_1)
FNDA:0,seed
DA:1,0
DA:2,0
DA:3,0
DA:6,0
DA:7,0
DA:8,0
DA:9,0
DA:11,0
DA:12,0
DA:15,0
DA:19,0
DA:20,0
DA:22,0
DA:23,0
DA:24,0
DA:25,0
DA:28,0
DA:36,0
DA:44,0
DA:45,0
DA:46,0
DA:48,0
DA:49,0
DA:53,0
LF:24
LH:0
BRDA:5,0,0,0
BRDA:5,1,0,0
BRDA:23,2,0,0
BRDA:23,2,1,0
BRF:4
BRH:0
end_of_record
TN:
SF:user-service/src/controllers/authController.js
FN:4,(anonymous_0)
FN:12,(anonymous_1)
FN:30,(anonymous_2)
FN:47,(anonymous_3)
FN:57,(anonymous_4)
FN:66,(anonymous_5)
FN:76,(anonymous_6)
FN:91,(anonymous_7)
FN:101,(anonymous_8)
FNF:9
FNH:9
FNDA:2,(anonymous_0)
FNDA:3,(anonymous_1)
FNDA:4,(anonymous_2)
FNDA:2,(anonymous_3)
FNDA:1,(anonymous_4)
FNDA:2,(anonymous_5)
FNDA:1,(anonymous_6)
FNDA:2,(anonymous_7)
FNDA:2,(anonymous_8)
DA:1,1
DA:2,1
DA:4,1
DA:5,2
DA:12,1
DA:13,3
DA:14,3
DA:15,3
DA:16,1
DA:18,2
DA:19,2
DA:20,1
DA:22,1
DA:23,1
DA:24,1
DA:26,0
DA:30,1
DA:31,4
DA:32,4
DA:33,4
DA:34,1
DA:36,3
DA:37,3
DA:38,2
DA:40,1
DA:41,1
DA:43,0
DA:47,1
DA:48,2
DA:49,2
DA:50,2
DA:51,1
DA:53,0
DA:57,1
DA:58,1
DA:59,1
DA:60,1
DA:62,0
DA:66,1
DA:67,2
DA:68,2
DA:69,2
DA:70,1
DA:72,0
DA:76,1
DA:77,1
DA:78,1
DA:79,1
DA:80,1
DA:81,4
DA:83,1
DA:84,1
DA:85,1
DA:87,0
DA:91,1
DA:92,2
DA:93,2
DA:94,2
DA:95,1
DA:97,0
DA:101,1
DA:102,2
DA:103,2
DA:104,2
DA:105,2
DA:106,6
DA:108,2
DA:109,2
DA:110,1
DA:112,0
LF:70
LH:62
BRDA:8,0,0,2
BRDA:8,0,1,0
BRDA:15,1,0,1
BRDA:15,1,1,2
BRDA:15,2,0,3
BRDA:15,2,1,3
BRDA:15,2,2,2
BRDA:19,3,0,1
BRDA:19,3,1,1
BRDA:33,4,0,1
BRDA:33,4,1,3
BRDA:33,5,0,4
BRDA:33,5,1,4
BRDA:37,6,0,2
BRDA:37,6,1,1
BRDA:37,7,0,3
BRDA:37,7,1,2
BRDA:50,8,0,1
BRDA:50,8,1,1
BRDA:69,9,0,1
BRDA:69,9,1,1
BRDA:81,10,0,2
BRDA:81,10,1,2
BRDA:84,11,0,0
BRDA:84,11,1,1
BRDA:94,12,0,1
BRDA:94,12,1,1
BRDA:106,13,0,2
BRDA:106,13,1,4
BRDA:109,14,0,1
BRDA:109,14,1,1
BRF:31
BRH:29
end_of_record
TN:
SF:user-service/src/models/User.js
FN:13,(anonymous_0)
FN:19,(anonymous_1)
FN:23,(anonymous_2)
FNF:3
FNH:0
FNDA:0,(anonymous_0)
FNDA:0,(anonymous_1)
FNDA:0,(anonymous_2)
DA:1,1
DA:2,1
DA:4,1
DA:13,1
DA:14,0
DA:15,0
DA:16,0
DA:19,1
DA:20,0
DA:23,1
DA:24,0
DA:25,0
DA:26,0
DA:29,1
LF:14
LH:7
BRDA:14,0,0,0
BRDA:14,0,1,0
BRF:2
BRH:0
end_of_record
TN:
SF:user-service/src/routes/auth.js
FNF:0
FNH:0
DA:1,0
DA:2,0
DA:6,0
DA:8,0
DA:10,0
DA:11,0
DA:12,0
DA:13,0
DA:15,0
DA:16,0
DA:17,0
DA:18,0
DA:20,0
LF:13
LH:0
BRF:0
BRH:0
end_of_record
